<?xml version="1.0" encoding="utf-8"?>
<TestRun id="0fc02ffd-7787-4c33-9740-37160d79cf85" name="@runnervmh13bl 2025-12-23 21:39:03" xmlns="http://microsoft.com/schemas/VisualStudio/TeamTest/2010">
  <Times creation="2025-12-23T21:39:03.0574407+00:00" queuing="2025-12-23T21:39:03.0574408+00:00" start="2025-12-23T21:38:48.5826422+00:00" finish="2025-12-23T21:39:04.3959915+00:00" />
  <TestSettings name="default" id="5b6d90eb-7e1a-4569-afcf-cbcd6c48f724">
    <Deployment runDeploymentRoot="_runnervmh13bl_2025-12-23_21_39_03" />
  </TestSettings>
  <Results>
    <UnitTestResult executionId="b5c5de02-a9c4-4907-9a9f-3b3a3d46d476" testId="8efd80e3-9c8e-088b-9438-edf19e991b7d" testName="Mystira.App.PWA.Tests.Services.GameSessionApiClientTests.StartGameSessionAsync_WhenNetworkException_ReturnsNullAndLogsError" computerName="runnervmh13bl" duration="00:00:00.0072252" startTime="2025-12-23T21:39:03.3892543+00:00" endTime="2025-12-23T21:39:03.3892545+00:00" testType="13cdc9d9-ddb5-4fa4-a97d-d965ccfc6d4b" outcome="Passed" testListId="8c84fa94-04c1-424b-9868-57a2d4851a1d" relativeResultsDirectory="b5c5de02-a9c4-4907-9a9f-3b3a3d46d476" />
    <UnitTestResult executionId="ea2f2ec7-f9c1-4917-80b4-e2a1a893f6ae" testId="1cf30a28-1782-4fd3-e8e2-df0fbe414f56" testName="Mystira.App.PWA.Tests.Services.EntraExternalIdAuthServiceTests.Constructor_WithNullJSRuntime_ThrowsArgumentNullException" computerName="runnervmh13bl" duration="00:00:00.0007561" startTime="2025-12-23T21:39:03.4460250+00:00" endTime="2025-12-23T21:39:03.4460250+00:00" testType="13cdc9d9-ddb5-4fa4-a97d-d965ccfc6d4b" outcome="Passed" testListId="8c84fa94-04c1-424b-9868-57a2d4851a1d" relativeResultsDirectory="ea2f2ec7-f9c1-4917-80b4-e2a1a893f6ae" />
    <UnitTestResult executionId="3c7f95cf-218e-46d5-8f5f-59f9a579eb34" testId="c1472424-1e99-2cc3-11c9-d01c98509c01" testName="Mystira.App.PWA.Tests.Services.ApiConnectionHelperTests.GetConnectionLogMessage_InProduction_ReturnsGenericMessage" computerName="runnervmh13bl" duration="00:00:00.0000659" startTime="2025-12-23T21:39:03.5729243+00:00" endTime="2025-12-23T21:39:03.5729244+00:00" testType="13cdc9d9-ddb5-4fa4-a97d-d965ccfc6d4b" outcome="Passed" testListId="8c84fa94-04c1-424b-9868-57a2d4851a1d" relativeResultsDirectory="3c7f95cf-218e-46d5-8f5f-59f9a579eb34" />
    <UnitTestResult executionId="087d0dbf-486e-4592-8902-b44e5b4276c5" testId="d5ac8f5a-3dc3-7ac9-383e-2474a7e46606" testName="Mystira.App.PWA.Tests.Components.ErrorBoundaryWrapperTests.ErrorBoundaryWrapper_DefaultValues_AreSetCorrectly" computerName="runnervmh13bl" duration="00:00:00.0018126" startTime="2025-12-23T21:39:03.8845212+00:00" endTime="2025-12-23T21:39:03.8845213+00:00" testType="13cdc9d9-ddb5-4fa4-a97d-d965ccfc6d4b" outcome="Passed" testListId="8c84fa94-04c1-424b-9868-57a2d4851a1d" relativeResultsDirectory="087d0dbf-486e-4592-8902-b44e5b4276c5" />
    <UnitTestResult executionId="f177bb2d-c468-4793-ba6f-45ec23aca3d6" testId="f2a38d1d-4601-cc4f-5cdd-c4e21ff1477a" testName="Mystira.App.PWA.Tests.Components.LoadingIndicatorTests.LoadingIndicator_HasAriaAttributes" computerName="runnervmh13bl" duration="00:00:00.3725596" startTime="2025-12-23T21:39:03.8479925+00:00" endTime="2025-12-23T21:39:03.8479927+00:00" testType="13cdc9d9-ddb5-4fa4-a97d-d965ccfc6d4b" outcome="Passed" testListId="8c84fa94-04c1-424b-9868-57a2d4851a1d" relativeResultsDirectory="f177bb2d-c468-4793-ba6f-45ec23aca3d6" />
    <UnitTestResult executionId="aa43a773-14c8-41b8-8e27-1ea81a56faa4" testId="c68de66d-c2fa-467d-6d23-1b33868f26ea" testName="Mystira.App.PWA.Tests.Services.AchievementsFilteringTests.Apply_WhenShowOnlyEarned_RemovesInProgressTiersAndEmptyAxes" computerName="runnervmh13bl" duration="00:00:00.0171356" startTime="2025-12-23T21:39:03.1855364+00:00" endTime="2025-12-23T21:39:03.1855365+00:00" testType="13cdc9d9-ddb5-4fa4-a97d-d965ccfc6d4b" outcome="Passed" testListId="8c84fa94-04c1-424b-9868-57a2d4851a1d" relativeResultsDirectory="aa43a773-14c8-41b8-8e27-1ea81a56faa4" />
    <UnitTestResult executionId="b41ee4ee-daf4-494e-996b-c6a6c04f1ccb" testId="66968923-5c18-4e0d-e8de-1779226c4a86" testName="Mystira.App.PWA.Tests.Services.Music.AudioCacheServiceTests.CacheAudioAsync_ShouldHandleNetworkFailureGracefully" computerName="runnervmh13bl" duration="00:00:00.2462647" startTime="2025-12-23T21:39:02.9092825+00:00" endTime="2025-12-23T21:39:02.9092827+00:00" testType="13cdc9d9-ddb5-4fa4-a97d-d965ccfc6d4b" outcome="Passed" testListId="8c84fa94-04c1-424b-9868-57a2d4851a1d" relativeResultsDirectory="b41ee4ee-daf4-494e-996b-c6a6c04f1ccb" />
    <UnitTestResult executionId="9eb6814d-5e93-43cc-a8ce-9e761c7706d3" testId="57e8160e-0939-d9ca-5469-b23c2444e82d" testName="Mystira.App.PWA.Tests.Services.Music.MusicResolverTests.ResolveMusic_ShouldSilence_WhenIntentIsSilence" computerName="runnervmh13bl" duration="00:00:00.0002291" startTime="2025-12-23T21:39:03.0323378+00:00" endTime="2025-12-23T21:39:03.0323379+00:00" testType="13cdc9d9-ddb5-4fa4-a97d-d965ccfc6d4b" outcome="Passed" testListId="8c84fa94-04c1-424b-9868-57a2d4851a1d" relativeResultsDirectory="9eb6814d-5e93-43cc-a8ce-9e761c7706d3" />
    <UnitTestResult executionId="77b50962-ecd0-47a7-bed7-fdde9605257a" testId="2d89f85a-ca7c-7ef3-854b-eca729dccbc3" testName="Mystira.App.PWA.Tests.Services.ApiConnectionHelperTests.GetConnectionErrorMessage_WithVariousLocalAddresses_ReturnsHelpfulMessage(apiBaseUrl: &quot;http://[::1]:5260/&quot;)" computerName="runnervmh13bl" duration="00:00:00.0067825" startTime="2025-12-23T21:39:03.5684136+00:00" endTime="2025-12-23T21:39:03.5684137+00:00" testType="13cdc9d9-ddb5-4fa4-a97d-d965ccfc6d4b" outcome="Passed" testListId="8c84fa94-04c1-424b-9868-57a2d4851a1d" relativeResultsDirectory="77b50962-ecd0-47a7-bed7-fdde9605257a" />
    <UnitTestResult executionId="166cacad-01fc-43e5-b6b0-916a9d09b0f9" testId="f7cdfa90-33e3-f2ba-2b25-46d76293f3f2" testName="Mystira.App.PWA.Tests.Services.GameSessionApiClientTests.GetSessionsByAccountAsync_WhenSuccessful_ReturnsList" computerName="runnervmh13bl" duration="00:00:00.0159410" startTime="2025-12-23T21:39:03.3670045+00:00" endTime="2025-12-23T21:39:03.3670047+00:00" testType="13cdc9d9-ddb5-4fa4-a97d-d965ccfc6d4b" outcome="Passed" testListId="8c84fa94-04c1-424b-9868-57a2d4851a1d" relativeResultsDirectory="166cacad-01fc-43e5-b6b0-916a9d09b0f9" />
    <UnitTestResult executionId="ce4d96a1-0269-45f5-b4dc-c931e4a4aea2" testId="f805fc48-1283-c753-4916-fa8c2f4a5649" testName="Mystira.App.PWA.Tests.Components.LoadingIndicatorTests.LoadingIndicator_WithVariousSkeletonCounts_RendersCorrectly(count: 5)" computerName="runnervmh13bl" duration="00:00:00.0033494" startTime="2025-12-23T21:39:03.8930938+00:00" endTime="2025-12-23T21:39:03.8930940+00:00" testType="13cdc9d9-ddb5-4fa4-a97d-d965ccfc6d4b" outcome="Passed" testListId="8c84fa94-04c1-424b-9868-57a2d4851a1d" relativeResultsDirectory="ce4d96a1-0269-45f5-b4dc-c931e4a4aea2" />
    <UnitTestResult executionId="94021e70-150b-4340-a995-a26b898b8e2e" testId="f88a4599-2f4f-f727-8f22-914281116a53" testName="Mystira.App.PWA.Tests.Services.GameSessionApiClientTests.StartGameSessionAsync_WhenApiFails_ReturnsNullAndLogsWarning" computerName="runnervmh13bl" duration="00:00:00.0123567" startTime="2025-12-23T21:39:03.4164096+00:00" endTime="2025-12-23T21:39:03.4164098+00:00" testType="13cdc9d9-ddb5-4fa4-a97d-d965ccfc6d4b" outcome="Passed" testListId="8c84fa94-04c1-424b-9868-57a2d4851a1d" relativeResultsDirectory="94021e70-150b-4340-a995-a26b898b8e2e" />
    <UnitTestResult executionId="e940e31c-7d05-41da-94e1-1ada90ac1090" testId="3775adae-ab77-af36-a78b-5e56b335300a" testName="Mystira.App.PWA.Tests.Services.ToastServiceTests.ShowWarning_RaisesOnShowEvent" computerName="runnervmh13bl" duration="00:00:00.0002699" startTime="2025-12-23T21:39:03.0212452+00:00" endTime="2025-12-23T21:39:03.0212453+00:00" testType="13cdc9d9-ddb5-4fa4-a97d-d965ccfc6d4b" outcome="Passed" testListId="8c84fa94-04c1-424b-9868-57a2d4851a1d" relativeResultsDirectory="e940e31c-7d05-41da-94e1-1ada90ac1090" />
    <UnitTestResult executionId="71cc4a69-6819-431a-a41f-aef5b8f4bcaf" testId="7b492c0e-5c20-8659-84de-cd4931416abf" testName="Mystira.App.PWA.Tests.Services.ToastServiceTests.Show_SetsTimestamp" computerName="runnervmh13bl" duration="00:00:00.0019183" startTime="2025-12-23T21:39:03.0145351+00:00" endTime="2025-12-23T21:39:03.0145352+00:00" testType="13cdc9d9-ddb5-4fa4-a97d-d965ccfc6d4b" outcome="Passed" testListId="8c84fa94-04c1-424b-9868-57a2d4851a1d" relativeResultsDirectory="71cc4a69-6819-431a-a41f-aef5b8f4bcaf" />
    <UnitTestResult executionId="52f985fd-8fc3-44ec-a49e-bc448fe18964" testId="f65cbdf6-0bed-8585-96ef-4d3f48239ebf" testName="Mystira.App.PWA.Tests.Services.EntraExternalIdAuthServiceTests.LoginWithEntraAsync_WithMissingClientId_ThrowsInvalidOperationException" computerName="runnervmh13bl" duration="00:00:00.0367053" startTime="2025-12-23T21:39:03.3821716+00:00" endTime="2025-12-23T21:39:03.3821719+00:00" testType="13cdc9d9-ddb5-4fa4-a97d-d965ccfc6d4b" outcome="Passed" testListId="8c84fa94-04c1-424b-9868-57a2d4851a1d" relativeResultsDirectory="52f985fd-8fc3-44ec-a49e-bc448fe18964" />
    <UnitTestResult executionId="1858549a-1d35-4ca4-b9bd-ed92573fac80" testId="4200bea5-5293-4e38-e307-52710cf4c52d" testName="Mystira.App.PWA.Tests.Services.ToastServiceTests.ShowByType_UsesCorrectDefaultDuration(type: Info, expectedDuration: 3000)" computerName="runnervmh13bl" duration="00:00:00.0000648" startTime="2025-12-23T21:39:02.9097984+00:00" endTime="2025-12-23T21:39:02.9097986+00:00" testType="13cdc9d9-ddb5-4fa4-a97d-d965ccfc6d4b" outcome="Passed" testListId="8c84fa94-04c1-424b-9868-57a2d4851a1d" relativeResultsDirectory="1858549a-1d35-4ca4-b9bd-ed92573fac80" />
    <UnitTestResult executionId="a7819c6d-2558-4732-80b5-d02892224154" testId="094cbfd2-975c-57b9-9018-92ca48b2efb7" testName="Mystira.App.PWA.Tests.Services.EntraExternalIdAuthServiceTests.HandleLoginCallbackAsync_RaisesAuthenticationStateChangedEvent" computerName="runnervmh13bl" duration="00:00:00.0030748" startTime="2025-12-23T21:39:03.4632405+00:00" endTime="2025-12-23T21:39:03.4632407+00:00" testType="13cdc9d9-ddb5-4fa4-a97d-d965ccfc6d4b" outcome="Passed" testListId="8c84fa94-04c1-424b-9868-57a2d4851a1d" relativeResultsDirectory="a7819c6d-2558-4732-80b5-d02892224154" />
    <UnitTestResult executionId="aefa4a5c-b25e-4151-9190-0fd81b8be6fe" testId="9c0688bc-a42a-1494-6b06-e4ce587e397e" testName="Mystira.App.PWA.Tests.Services.ToastServiceTests.ShowByType_UsesCorrectDefaultDuration(type: Warning, expectedDuration: 4000)" computerName="runnervmh13bl" duration="00:00:00.0003088" startTime="2025-12-23T21:39:02.9086729+00:00" endTime="2025-12-23T21:39:02.9086730+00:00" testType="13cdc9d9-ddb5-4fa4-a97d-d965ccfc6d4b" outcome="Passed" testListId="8c84fa94-04c1-424b-9868-57a2d4851a1d" relativeResultsDirectory="aefa4a5c-b25e-4151-9190-0fd81b8be6fe" />
    <UnitTestResult executionId="7f50880b-6837-464e-a572-7764a4e2eed8" testId="a9013bd8-0f63-fc81-3531-7fd9dbaa6f27" testName="Mystira.App.PWA.Tests.Services.EntraExternalIdAuthServiceTests.IsAuthenticatedAsync_WithJsonException_ReturnsFalse" computerName="runnervmh13bl" duration="00:00:00.1672817" startTime="2025-12-23T21:39:03.1112738+00:00" endTime="2025-12-23T21:39:03.1112740+00:00" testType="13cdc9d9-ddb5-4fa4-a97d-d965ccfc6d4b" outcome="Passed" testListId="8c84fa94-04c1-424b-9868-57a2d4851a1d" relativeResultsDirectory="7f50880b-6837-464e-a572-7764a4e2eed8" />
    <UnitTestResult executionId="00094e0d-01ff-4b22-bb44-c9ca47c5d870" testId="3a30935a-d005-460d-75f9-a8c0b6b6b157" testName="Mystira.App.PWA.Tests.Services.ToastServiceTests.Clear_RaisesOnClearEvent" computerName="runnervmh13bl" duration="00:00:00.0031161" startTime="2025-12-23T21:39:03.0218246+00:00" endTime="2025-12-23T21:39:03.0218247+00:00" testType="13cdc9d9-ddb5-4fa4-a97d-d965ccfc6d4b" outcome="Passed" testListId="8c84fa94-04c1-424b-9868-57a2d4851a1d" relativeResultsDirectory="00094e0d-01ff-4b22-bb44-c9ca47c5d870" />
    <UnitTestResult executionId="b48cb915-e3ef-49c3-a73b-d4ae88ef492b" testId="bf7e2db6-bfca-eb4e-4ea5-52fe19431546" testName="Mystira.App.PWA.Tests.Services.ToastServiceTests.ShowInfo_RaisesOnShowEvent" computerName="runnervmh13bl" duration="00:00:00.0002933" startTime="2025-12-23T21:39:03.0130882+00:00" endTime="2025-12-23T21:39:03.0130883+00:00" testType="13cdc9d9-ddb5-4fa4-a97d-d965ccfc6d4b" outcome="Passed" testListId="8c84fa94-04c1-424b-9868-57a2d4851a1d" relativeResultsDirectory="b48cb915-e3ef-49c3-a73b-d4ae88ef492b" />
    <UnitTestResult executionId="26a31a7d-7512-4280-abb2-1b1b582a982c" testId="e2c9807a-a883-af16-71d8-6ca806a813c5" testName="Mystira.App.PWA.Tests.Services.EntraExternalIdAuthServiceTests.Constructor_WithNullApiClient_ThrowsArgumentNullException" computerName="runnervmh13bl" duration="00:00:00.0010226" startTime="2025-12-23T21:39:03.2045898+00:00" endTime="2025-12-23T21:39:03.2045899+00:00" testType="13cdc9d9-ddb5-4fa4-a97d-d965ccfc6d4b" outcome="Passed" testListId="8c84fa94-04c1-424b-9868-57a2d4851a1d" relativeResultsDirectory="26a31a7d-7512-4280-abb2-1b1b582a982c" />
    <UnitTestResult executionId="eca60ed2-eca6-45e6-a9f5-cba1bc1b5d75" testId="274bd7ff-f964-1acd-b89b-40598b3383d8" testName="Mystira.App.PWA.Tests.Components.LoadingIndicatorTests.LoadingIndicator_WithSkeletonMode_RendersSkeleton" computerName="runnervmh13bl" duration="00:00:00.0020550" startTime="2025-12-23T21:39:03.9096120+00:00" endTime="2025-12-23T21:39:03.9096121+00:00" testType="13cdc9d9-ddb5-4fa4-a97d-d965ccfc6d4b" outcome="Passed" testListId="8c84fa94-04c1-424b-9868-57a2d4851a1d" relativeResultsDirectory="eca60ed2-eca6-45e6-a9f5-cba1bc1b5d75" />
    <UnitTestResult executionId="4e10a1a1-055d-4208-9d51-04bbb53fa3d9" testId="5e13fc44-0e73-97f7-6667-ec5b599b9810" testName="Mystira.App.PWA.Tests.Services.EntraExternalIdAuthServiceTests.EnsureTokenValidAsync_WithNoToken_ReturnsFalse" computerName="runnervmh13bl" duration="00:00:00.0069284" startTime="2025-12-23T21:39:03.4532780+00:00" endTime="2025-12-23T21:39:03.4532782+00:00" testType="13cdc9d9-ddb5-4fa4-a97d-d965ccfc6d4b" outcome="Passed" testListId="8c84fa94-04c1-424b-9868-57a2d4851a1d" relativeResultsDirectory="4e10a1a1-055d-4208-9d51-04bbb53fa3d9" />
    <UnitTestResult executionId="96b13ab0-faa5-47bf-861f-eef8e7220225" testId="235f5fad-db8d-4914-438b-1398ea7ad75a" testName="Mystira.App.PWA.Tests.Services.ToastServiceTests.ShowByType_UsesCorrectDefaultDuration(type: Error, expectedDuration: 5000)" computerName="runnervmh13bl" duration="00:00:00.0293955" startTime="2025-12-23T21:39:02.9079623+00:00" endTime="2025-12-23T21:39:02.9079625+00:00" testType="13cdc9d9-ddb5-4fa4-a97d-d965ccfc6d4b" outcome="Passed" testListId="8c84fa94-04c1-424b-9868-57a2d4851a1d" relativeResultsDirectory="96b13ab0-faa5-47bf-861f-eef8e7220225" />
    <UnitTestResult executionId="ec0be8c8-49f2-4a37-9354-1f39ec74633b" testId="b07de492-c7d6-daa1-1851-afcff3f90396" testName="Mystira.App.PWA.Tests.Components.ToastContainerTests.ToastContainer_WithDifferentTypes_RendersCorrectIcon(type: Info, expectedClass: &quot;toast-info&quot;, expectedIcon: &quot;ℹ&quot;)" computerName="runnervmh13bl" duration="00:00:00.0019591" startTime="2025-12-23T21:39:03.9100249+00:00" endTime="2025-12-23T21:39:03.9100250+00:00" testType="13cdc9d9-ddb5-4fa4-a97d-d965ccfc6d4b" outcome="Passed" testListId="8c84fa94-04c1-424b-9868-57a2d4851a1d" relativeResultsDirectory="ec0be8c8-49f2-4a37-9354-1f39ec74633b" />
    <UnitTestResult executionId="e9c4a5eb-fa3d-4912-9a0d-b74f4da76688" testId="18a49252-89a1-6128-534f-94c655211c95" testName="Mystira.App.PWA.Tests.Services.EntraExternalIdAuthServiceTests.HandleLoginCallbackAsync_StoresTokensInLocalStorage" computerName="runnervmh13bl" duration="00:00:00.0255894" startTime="2025-12-23T21:39:03.3364586+00:00" endTime="2025-12-23T21:39:03.3364586+00:00" testType="13cdc9d9-ddb5-4fa4-a97d-d965ccfc6d4b" outcome="Passed" testListId="8c84fa94-04c1-424b-9868-57a2d4851a1d" relativeResultsDirectory="e9c4a5eb-fa3d-4912-9a0d-b74f4da76688" />
    <UnitTestResult executionId="05440109-7435-46eb-bcd3-5c6b4e8a4d1b" testId="7747204e-7d5f-d70b-e735-7d90c3035d52" testName="Mystira.App.PWA.Tests.Services.GameSessionApiClientTests.EndGameSessionAsync_WhenSuccessful_ReturnsGameSession" computerName="runnervmh13bl" duration="00:00:00.0077689" startTime="2025-12-23T21:39:03.4719056+00:00" endTime="2025-12-23T21:39:03.4719057+00:00" testType="13cdc9d9-ddb5-4fa4-a97d-d965ccfc6d4b" outcome="Passed" testListId="8c84fa94-04c1-424b-9868-57a2d4851a1d" relativeResultsDirectory="05440109-7435-46eb-bcd3-5c6b4e8a4d1b" />
    <UnitTestResult executionId="25e81c9c-1e1e-4786-9b42-8fb65138ba63" testId="49751e46-9f23-1298-a444-c9a109531366" testName="Mystira.App.PWA.Tests.Services.GameSessionApiClientTests.GetSessionsByProfileAsync_WhenSuccessful_ReturnsList" computerName="runnervmh13bl" duration="00:00:00.0127253" startTime="2025-12-23T21:39:03.4638229+00:00" endTime="2025-12-23T21:39:03.4638230+00:00" testType="13cdc9d9-ddb5-4fa4-a97d-d965ccfc6d4b" outcome="Passed" testListId="8c84fa94-04c1-424b-9868-57a2d4851a1d" relativeResultsDirectory="25e81c9c-1e1e-4786-9b42-8fb65138ba63" />
    <UnitTestResult executionId="8b6a98e2-2286-409c-b9ed-46c253218073" testId="e171836d-98b7-a1ba-34da-e9a6c758e1f7" testName="Mystira.App.PWA.Tests.Services.EntraExternalIdAuthServiceTests.Constructor_WithNullConfiguration_ThrowsArgumentNullException" computerName="runnervmh13bl" duration="00:00:00.0303170" startTime="2025-12-23T21:39:03.2034668+00:00" endTime="2025-12-23T21:39:03.2034669+00:00" testType="13cdc9d9-ddb5-4fa4-a97d-d965ccfc6d4b" outcome="Passed" testListId="8c84fa94-04c1-424b-9868-57a2d4851a1d" relativeResultsDirectory="8b6a98e2-2286-409c-b9ed-46c253218073" />
    <UnitTestResult executionId="24bbb896-58e3-4c7e-80e9-0cb36cef1bd5" testId="fb558bb0-d201-bbd0-cdd5-1bd485a06815" testName="Mystira.App.PWA.Tests.Services.Music.SceneAudioOrchestratorTests.EnterSceneAsync_ShouldUpdateContextEnergy_WhenTrackChanges" computerName="runnervmh13bl" duration="00:00:00.0563755" startTime="2025-12-23T21:39:03.0334709+00:00" endTime="2025-12-23T21:39:03.0334710+00:00" testType="13cdc9d9-ddb5-4fa4-a97d-d965ccfc6d4b" outcome="Passed" testListId="8c84fa94-04c1-424b-9868-57a2d4851a1d" relativeResultsDirectory="24bbb896-58e3-4c7e-80e9-0cb36cef1bd5" />
    <UnitTestResult executionId="1ce5f7d7-7474-42fb-8e0b-82f3042a5b0d" testId="25ef8f23-378f-2037-9073-66701e255cae" testName="Mystira.App.PWA.Tests.Services.EntraExternalIdAuthServiceTests.IsAuthenticatedAsync_WithJSException_ReturnsFalse" computerName="runnervmh13bl" duration="00:00:00.0016417" startTime="2025-12-23T21:39:03.4172552+00:00" endTime="2025-12-23T21:39:03.4172553+00:00" testType="13cdc9d9-ddb5-4fa4-a97d-d965ccfc6d4b" outcome="Passed" testListId="8c84fa94-04c1-424b-9868-57a2d4851a1d" relativeResultsDirectory="1ce5f7d7-7474-42fb-8e0b-82f3042a5b0d" />
    <UnitTestResult executionId="dac439ce-31d9-45fc-ae36-f00268412c87" testId="3be1bb45-8132-701d-32ff-21674ceff76a" testName="Mystira.App.PWA.Tests.Components.ToastContainerTests.ToastContainer_OnCloseButtonClick_RemovesToast" computerName="runnervmh13bl" duration="00:00:00.0051907" startTime="2025-12-23T21:39:03.9217500+00:00" endTime="2025-12-23T21:39:03.9217502+00:00" testType="13cdc9d9-ddb5-4fa4-a97d-d965ccfc6d4b" outcome="Passed" testListId="8c84fa94-04c1-424b-9868-57a2d4851a1d" relativeResultsDirectory="dac439ce-31d9-45fc-ae36-f00268412c87" />
    <UnitTestResult executionId="2bf823b6-2532-4d64-9fb4-de7b2b5fda02" testId="d88af84a-685a-3893-17bb-e74f9797759d" testName="Mystira.App.PWA.Tests.Services.ApiConnectionHelperTests.GetConnectionLogMessage_InDevelopmentWithLocalhost_ReturnsDetailedMessage" computerName="runnervmh13bl" duration="00:00:00.0001830" startTime="2025-12-23T21:39:03.5718825+00:00" endTime="2025-12-23T21:39:03.5718826+00:00" testType="13cdc9d9-ddb5-4fa4-a97d-d965ccfc6d4b" outcome="Passed" testListId="8c84fa94-04c1-424b-9868-57a2d4851a1d" relativeResultsDirectory="2bf823b6-2532-4d64-9fb4-de7b2b5fda02" />
    <UnitTestResult executionId="908c7e9b-4caa-4462-964d-68eb0e04753a" testId="6d9a21a2-8d65-dbb3-5df3-8de247e9b3e3" testName="Mystira.App.PWA.Tests.Services.Music.SceneAudioOrchestratorTests.EnterSceneAsync_ShouldStopMusic_WhenResolverReturnsSilence" computerName="runnervmh13bl" duration="00:00:00.0156838" startTime="2025-12-23T21:39:03.0572344+00:00" endTime="2025-12-23T21:39:03.0572346+00:00" testType="13cdc9d9-ddb5-4fa4-a97d-d965ccfc6d4b" outcome="Passed" testListId="8c84fa94-04c1-424b-9868-57a2d4851a1d" relativeResultsDirectory="908c7e9b-4caa-4462-964d-68eb0e04753a" />
    <UnitTestResult executionId="260e7806-b86c-44c3-8f5d-0f7eda32e76a" testId="a30db57b-74ca-311c-edd0-2f42ec8267bb" testName="Mystira.App.PWA.Tests.Services.EntraExternalIdAuthServiceTests.Constructor_WithNullHttpClient_ThrowsArgumentNullException" computerName="runnervmh13bl" duration="00:00:00.0010470" startTime="2025-12-23T21:39:03.3053528+00:00" endTime="2025-12-23T21:39:03.3053530+00:00" testType="13cdc9d9-ddb5-4fa4-a97d-d965ccfc6d4b" outcome="Passed" testListId="8c84fa94-04c1-424b-9868-57a2d4851a1d" relativeResultsDirectory="260e7806-b86c-44c3-8f5d-0f7eda32e76a" />
    <UnitTestResult executionId="0801a2d8-992e-4872-bf82-8915204121a0" testId="9ba33a7a-207f-8c03-50c6-e8fc1d377865" testName="Mystira.App.PWA.Tests.Services.EntraExternalIdAuthServiceTests.HandleLoginCallbackAsync_WithValidTokens_ReturnsTrue" computerName="runnervmh13bl" duration="00:00:00.0022954" startTime="2025-12-23T21:39:03.3954714+00:00" endTime="2025-12-23T21:39:03.3954715+00:00" testType="13cdc9d9-ddb5-4fa4-a97d-d965ccfc6d4b" outcome="Passed" testListId="8c84fa94-04c1-424b-9868-57a2d4851a1d" relativeResultsDirectory="0801a2d8-992e-4872-bf82-8915204121a0" />
    <UnitTestResult executionId="702142ed-7a79-4bc2-9f44-26c6905e3f94" testId="5afb22f8-64d7-fe2e-3cb0-af937387f361" testName="Mystira.App.PWA.Tests.Services.ApiConnectionHelperTests.GetConnectionErrorMessage_WithVariousLocalAddresses_ReturnsHelpfulMessage(apiBaseUrl: &quot;http://localhost:5260/&quot;)" computerName="runnervmh13bl" duration="00:00:00.0001192" startTime="2025-12-23T21:39:03.5667822+00:00" endTime="2025-12-23T21:39:03.5667823+00:00" testType="13cdc9d9-ddb5-4fa4-a97d-d965ccfc6d4b" outcome="Passed" testListId="8c84fa94-04c1-424b-9868-57a2d4851a1d" relativeResultsDirectory="702142ed-7a79-4bc2-9f44-26c6905e3f94" />
    <UnitTestResult executionId="270a4652-7905-4532-8cba-0ef6e5906ce8" testId="5ba1be7c-94b2-ba02-3921-efd916291e42" testName="Mystira.App.PWA.Tests.Services.ToastServiceTests.Show_SetsUniqueId" computerName="runnervmh13bl" duration="00:00:00.0189524" startTime="2025-12-23T21:39:03.0139746+00:00" endTime="2025-12-23T21:39:03.0139747+00:00" testType="13cdc9d9-ddb5-4fa4-a97d-d965ccfc6d4b" outcome="Passed" testListId="8c84fa94-04c1-424b-9868-57a2d4851a1d" relativeResultsDirectory="270a4652-7905-4532-8cba-0ef6e5906ce8" />
    <UnitTestResult executionId="99d9700b-36dc-4761-a522-a5562275c5a3" testId="dc52eb8e-5251-2d6e-7ce6-3962051ab432" testName="Mystira.App.PWA.Tests.Components.ToastContainerTests.ToastContainer_WithDifferentTypes_RendersCorrectIcon(type: Error, expectedClass: &quot;toast-error&quot;, expectedIcon: &quot;✕&quot;)" computerName="runnervmh13bl" duration="00:00:00.0090933" startTime="2025-12-23T21:39:03.9057592+00:00" endTime="2025-12-23T21:39:03.9057594+00:00" testType="13cdc9d9-ddb5-4fa4-a97d-d965ccfc6d4b" outcome="Passed" testListId="8c84fa94-04c1-424b-9868-57a2d4851a1d" relativeResultsDirectory="99d9700b-36dc-4761-a522-a5562275c5a3" />
    <UnitTestResult executionId="8787962b-ba25-40d8-87ae-5544f9e873ec" testId="b9a7327f-4a9d-c2e0-c80d-41b804adc64e" testName="Mystira.App.PWA.Tests.Services.EntraExternalIdAuthServiceTests.HandleLoginCallbackAsync_WithMissingAccessToken_ReturnsFalse" computerName="runnervmh13bl" duration="00:00:00.0018656" startTime="2025-12-23T21:39:03.4308213+00:00" endTime="2025-12-23T21:39:03.4308214+00:00" testType="13cdc9d9-ddb5-4fa4-a97d-d965ccfc6d4b" outcome="Passed" testListId="8c84fa94-04c1-424b-9868-57a2d4851a1d" relativeResultsDirectory="8787962b-ba25-40d8-87ae-5544f9e873ec" />
    <UnitTestResult executionId="f4048bda-782b-4ba0-8437-d5cbf52889b0" testId="8eccdf82-1dd5-0271-1097-2c622d25877c" testName="Mystira.App.PWA.Tests.Services.AchievementsMapperTests.MapAxes_MergesConfigurationWithProgress_AndResolvesImageUrls" computerName="runnervmh13bl" duration="00:00:00.0204201" startTime="2025-12-23T21:39:03.5888465+00:00" endTime="2025-12-23T21:39:03.5888467+00:00" testType="13cdc9d9-ddb5-4fa4-a97d-d965ccfc6d4b" outcome="Passed" testListId="8c84fa94-04c1-424b-9868-57a2d4851a1d" relativeResultsDirectory="f4048bda-782b-4ba0-8437-d5cbf52889b0" />
    <UnitTestResult executionId="e8c82f22-f88e-4f7e-935c-4f55fb127488" testId="0869dbf3-3643-60a3-20b4-5e9ca163e308" testName="Mystira.App.PWA.Tests.Services.GameSessionApiClientTests.MakeChoiceAsync_WhenSuccessful_ReturnsGameSession" computerName="runnervmh13bl" duration="00:00:00.0069525" startTime="2025-12-23T21:39:03.4831875+00:00" endTime="2025-12-23T21:39:03.4831876+00:00" testType="13cdc9d9-ddb5-4fa4-a97d-d965ccfc6d4b" outcome="Passed" testListId="8c84fa94-04c1-424b-9868-57a2d4851a1d" relativeResultsDirectory="e8c82f22-f88e-4f7e-935c-4f55fb127488" />
    <UnitTestResult executionId="2dd4c02e-08da-4ad8-bec6-d699a421158d" testId="72bb4a74-aeb9-b480-b4d6-daf7dd67aee1" testName="Mystira.App.PWA.Tests.Services.EntraExternalIdAuthServiceTests.GetTokenAsync_WithStoredToken_ReturnsToken" computerName="runnervmh13bl" duration="00:00:00.0019213" startTime="2025-12-23T21:39:03.1752708+00:00" endTime="2025-12-23T21:39:03.1752709+00:00" testType="13cdc9d9-ddb5-4fa4-a97d-d965ccfc6d4b" outcome="Passed" testListId="8c84fa94-04c1-424b-9868-57a2d4851a1d" relativeResultsDirectory="2dd4c02e-08da-4ad8-bec6-d699a421158d" />
    <UnitTestResult executionId="d1274b77-1d32-41db-bd56-20f15c10edf1" testId="bc40f49e-24d2-24fd-c409-fa04082e2dfb" testName="Mystira.App.PWA.Tests.Components.ToastContainerTests.ToastContainer_ToastCloseButton_HasAriaLabel" computerName="runnervmh13bl" duration="00:00:00.0024164" startTime="2025-12-23T21:39:03.9167538+00:00" endTime="2025-12-23T21:39:03.9167538+00:00" testType="13cdc9d9-ddb5-4fa4-a97d-d965ccfc6d4b" outcome="Passed" testListId="8c84fa94-04c1-424b-9868-57a2d4851a1d" relativeResultsDirectory="d1274b77-1d32-41db-bd56-20f15c10edf1" />
    <UnitTestResult executionId="35b91156-20e2-48d8-85aa-f6e306c1c207" testId="15696d24-edd9-f065-3225-5b968ba3435b" testName="Mystira.App.PWA.Tests.Services.GameSessionApiClientTests.StartGameSessionWithAssignmentsAsync_WhenApiFails_ReturnsNull" computerName="runnervmh13bl" duration="00:00:00.0067241" startTime="2025-12-23T21:39:03.3490198+00:00" endTime="2025-12-23T21:39:03.3490199+00:00" testType="13cdc9d9-ddb5-4fa4-a97d-d965ccfc6d4b" outcome="Passed" testListId="8c84fa94-04c1-424b-9868-57a2d4851a1d" relativeResultsDirectory="35b91156-20e2-48d8-85aa-f6e306c1c207" />
    <UnitTestResult executionId="3e92779a-bc6c-4b28-8df5-71ee492b7bc5" testId="1bc553da-7672-b0c0-0800-48e646406524" testName="Mystira.App.PWA.Tests.Components.ErrorBoundaryWrapperTests.ErrorBoundaryWrapper_WithoutError_RendersChildContent" computerName="runnervmh13bl" duration="00:00:00.1033618" startTime="2025-12-23T21:39:03.8545383+00:00" endTime="2025-12-23T21:39:03.8545384+00:00" testType="13cdc9d9-ddb5-4fa4-a97d-d965ccfc6d4b" outcome="Passed" testListId="8c84fa94-04c1-424b-9868-57a2d4851a1d" relativeResultsDirectory="3e92779a-bc6c-4b28-8df5-71ee492b7bc5" />
    <UnitTestResult executionId="6a3ab7db-ae2d-4282-89a6-a76e4095257d" testId="e54f7bd7-f0a9-9046-8e74-974599a94f90" testName="Mystira.App.PWA.Tests.Services.GameSessionApiClientTests.StartGameSessionAsync_WhenSuccessful_ReturnsGameSession" computerName="runnervmh13bl" duration="00:00:00.0057171" startTime="2025-12-23T21:39:03.4753952+00:00" endTime="2025-12-23T21:39:03.4753953+00:00" testType="13cdc9d9-ddb5-4fa4-a97d-d965ccfc6d4b" outcome="Passed" testListId="8c84fa94-04c1-424b-9868-57a2d4851a1d" relativeResultsDirectory="6a3ab7db-ae2d-4282-89a6-a76e4095257d" />
    <UnitTestResult executionId="70f30398-4003-4b3d-94c8-38fdcf19c6ae" testId="9596d012-c0f7-8a5e-e812-5152edd3bb53" testName="Mystira.App.PWA.Tests.Services.GameSessionApiClientTests.PauseGameSessionAsync_WhenSuccessful_ReturnsGameSession" computerName="runnervmh13bl" duration="00:00:00.0158778" startTime="2025-12-23T21:39:03.3833203+00:00" endTime="2025-12-23T21:39:03.3833204+00:00" testType="13cdc9d9-ddb5-4fa4-a97d-d965ccfc6d4b" outcome="Passed" testListId="8c84fa94-04c1-424b-9868-57a2d4851a1d" relativeResultsDirectory="70f30398-4003-4b3d-94c8-38fdcf19c6ae" />
    <UnitTestResult executionId="14a1445e-63f2-4df0-9fe9-9a7a3ae39201" testId="c78adcda-0ac5-c60a-fcce-43c3cce350fe" testName="Mystira.App.PWA.Tests.Services.Music.AudioBusTests.PlayMusicAsync_ShouldUseEndpointCache" computerName="runnervmh13bl" duration="00:00:00.0090477" startTime="2025-12-23T21:39:03.5200143+00:00" endTime="2025-12-23T21:39:03.5200146+00:00" testType="13cdc9d9-ddb5-4fa4-a97d-d965ccfc6d4b" outcome="Passed" testListId="8c84fa94-04c1-424b-9868-57a2d4851a1d" relativeResultsDirectory="14a1445e-63f2-4df0-9fe9-9a7a3ae39201" />
    <UnitTestResult executionId="2cfddc33-8443-41fb-b2a9-eaf74dd11f58" testId="65d2e859-9319-d10d-905a-ee2e058cec54" testName="Mystira.App.PWA.Tests.Services.EntraExternalIdAuthServiceTests.GetTokenExpiryTime_WithNoToken_ReturnsNull" computerName="runnervmh13bl" duration="00:00:00.0004743" startTime="2025-12-23T21:39:03.4670559+00:00" endTime="2025-12-23T21:39:03.4670559+00:00" testType="13cdc9d9-ddb5-4fa4-a97d-d965ccfc6d4b" outcome="Passed" testListId="8c84fa94-04c1-424b-9868-57a2d4851a1d" relativeResultsDirectory="2cfddc33-8443-41fb-b2a9-eaf74dd11f58" />
    <UnitTestResult executionId="3b426c6b-45e2-45a0-8bc4-835688237d85" testId="d781c81c-505d-7946-4c37-b9d96959e0a8" testName="Mystira.App.PWA.Tests.Services.EntraExternalIdAuthServiceTests.EnsureTokenValidAsync_WithValidToken_ReturnsTrue" computerName="runnervmh13bl" duration="00:00:00.0020320" startTime="2025-12-23T21:39:03.4454787+00:00" endTime="2025-12-23T21:39:03.4454787+00:00" testType="13cdc9d9-ddb5-4fa4-a97d-d965ccfc6d4b" outcome="Passed" testListId="8c84fa94-04c1-424b-9868-57a2d4851a1d" relativeResultsDirectory="3b426c6b-45e2-45a0-8bc4-835688237d85" />
    <UnitTestResult executionId="1520eece-99f0-45d5-ab8a-9a44d0e7c92d" testId="e9a65630-a338-4526-d6a6-8c6db5fae96e" testName="Mystira.App.PWA.Tests.Services.ApiConnectionHelperTests.GetConnectionErrorMessage_WithVariousLocalAddresses_ReturnsHelpfulMessage(apiBaseUrl: &quot;http://LOCALHOST:5260/&quot;)" computerName="runnervmh13bl" duration="00:00:00.0001187" startTime="2025-12-23T21:39:03.5663083+00:00" endTime="2025-12-23T21:39:03.5663084+00:00" testType="13cdc9d9-ddb5-4fa4-a97d-d965ccfc6d4b" outcome="Passed" testListId="8c84fa94-04c1-424b-9868-57a2d4851a1d" relativeResultsDirectory="1520eece-99f0-45d5-ab8a-9a44d0e7c92d" />
    <UnitTestResult executionId="2f3b3e62-c2a7-4938-925e-f23b1a7fb6b2" testId="03bf7871-b1bc-7874-ca49-141064255cf4" testName="Mystira.App.PWA.Tests.Services.EntraExternalIdAuthServiceTests.LoginWithEntraAsync_StoresStateAndNonceInSessionStorage" computerName="runnervmh13bl" duration="00:00:00.0130113" startTime="2025-12-23T21:39:03.4110557+00:00" endTime="2025-12-23T21:39:03.4110557+00:00" testType="13cdc9d9-ddb5-4fa4-a97d-d965ccfc6d4b" outcome="Passed" testListId="8c84fa94-04c1-424b-9868-57a2d4851a1d" relativeResultsDirectory="2f3b3e62-c2a7-4938-925e-f23b1a7fb6b2" />
    <UnitTestResult executionId="046407b4-95c5-4174-83c5-16e07e68cc0b" testId="180d4769-7589-5d7e-821e-98e7c8c1a8f2" testName="Mystira.App.PWA.Tests.Services.EntraExternalIdAuthServiceTests.LoginWithEntraAsync_WithDomainHint_RedirectsWithDomainHintOnly" computerName="runnervmh13bl" duration="00:00:00.0047528" startTime="2025-12-23T21:39:03.4658809+00:00" endTime="2025-12-23T21:39:03.4658810+00:00" testType="13cdc9d9-ddb5-4fa4-a97d-d965ccfc6d4b" outcome="Passed" testListId="8c84fa94-04c1-424b-9868-57a2d4851a1d" relativeResultsDirectory="046407b4-95c5-4174-83c5-16e07e68cc0b" />
    <UnitTestResult executionId="87ee98d3-db2d-472e-afff-59d9eec2f473" testId="7ad791cd-a147-385d-211f-5de223be0ac9" testName="Mystira.App.PWA.Tests.Services.GameSessionApiClientTests.FinalizeGameSessionAsync_WhenSuccessful_ReturnsResponse" computerName="runnervmh13bl" duration="00:00:00.0116497" startTime="2025-12-23T21:39:03.4050633+00:00" endTime="2025-12-23T21:39:03.4050635+00:00" testType="13cdc9d9-ddb5-4fa4-a97d-d965ccfc6d4b" outcome="Passed" testListId="8c84fa94-04c1-424b-9868-57a2d4851a1d" relativeResultsDirectory="87ee98d3-db2d-472e-afff-59d9eec2f473" />
    <UnitTestResult executionId="21755fb9-c470-47b2-a659-1211505ac79c" testId="50d9833d-2cdd-c196-3b8b-3da129b0efb4" testName="Mystira.App.PWA.Tests.Services.AchievementsMapperTests.MapAxes_WhenAxisScoreIsZero_FallsBackToTierProgressValues" computerName="runnervmh13bl" duration="00:00:00.0042604" startTime="2025-12-23T21:39:03.5958433+00:00" endTime="2025-12-23T21:39:03.5958433+00:00" testType="13cdc9d9-ddb5-4fa4-a97d-d965ccfc6d4b" outcome="Passed" testListId="8c84fa94-04c1-424b-9868-57a2d4851a1d" relativeResultsDirectory="21755fb9-c470-47b2-a659-1211505ac79c" />
    <UnitTestResult executionId="dcda2ca5-105f-441f-8516-262c7957dcc8" testId="64d1f85b-197b-6d46-14a7-3e0163499916" testName="Mystira.App.PWA.Tests.Components.LoadingIndicatorTests.LoadingIndicator_WithVariousSkeletonCounts_RendersCorrectly(count: 10)" computerName="runnervmh13bl" duration="00:00:00.0032391" startTime="2025-12-23T21:39:03.8989751+00:00" endTime="2025-12-23T21:39:03.8989752+00:00" testType="13cdc9d9-ddb5-4fa4-a97d-d965ccfc6d4b" outcome="Passed" testListId="8c84fa94-04c1-424b-9868-57a2d4851a1d" relativeResultsDirectory="dcda2ca5-105f-441f-8516-262c7957dcc8" />
    <UnitTestResult executionId="b456891e-3c0e-4abf-a9e1-db6b564955e8" testId="87b54a58-c72f-287a-02a1-49f9415bb394" testName="Mystira.App.PWA.Tests.Services.EntraExternalIdAuthServiceTests.LogoutAsync_ClearsLocalStorage" computerName="runnervmh13bl" duration="00:00:00.0032597" startTime="2025-12-23T21:39:03.4272085+00:00" endTime="2025-12-23T21:39:03.4272086+00:00" testType="13cdc9d9-ddb5-4fa4-a97d-d965ccfc6d4b" outcome="Passed" testListId="8c84fa94-04c1-424b-9868-57a2d4851a1d" relativeResultsDirectory="b456891e-3c0e-4abf-a9e1-db6b564955e8" />
    <UnitTestResult executionId="e53fc5de-8907-4ca2-8a50-96873c3fe7c2" testId="663b1526-0760-8cfc-7651-13634297c479" testName="Mystira.App.PWA.Tests.Components.ErrorBoundaryWrapperTests.ErrorBoundaryWrapper_WithShowReloadButtonFalse_HasCorrectProperty" computerName="runnervmh13bl" duration="00:00:00.1364764" startTime="2025-12-23T21:39:03.7302823+00:00" endTime="2025-12-23T21:39:03.7302825+00:00" testType="13cdc9d9-ddb5-4fa4-a97d-d965ccfc6d4b" outcome="Passed" testListId="8c84fa94-04c1-424b-9868-57a2d4851a1d" relativeResultsDirectory="e53fc5de-8907-4ca2-8a50-96873c3fe7c2" />
    <UnitTestResult executionId="6b906252-f189-4566-83ef-308dfdc7341d" testId="269611c3-c4f6-9979-e39b-f267ac7e869b" testName="Mystira.App.PWA.Tests.Services.Music.SceneAudioOrchestratorTests.OnSceneActionAsync_ShouldResumeAll_WhenActionIsInactive" computerName="runnervmh13bl" duration="00:00:00.0015987" startTime="2025-12-23T21:39:03.1049244+00:00" endTime="2025-12-23T21:39:03.1049245+00:00" testType="13cdc9d9-ddb5-4fa4-a97d-d965ccfc6d4b" outcome="Passed" testListId="8c84fa94-04c1-424b-9868-57a2d4851a1d" relativeResultsDirectory="6b906252-f189-4566-83ef-308dfdc7341d" />
    <UnitTestResult executionId="4cf8322f-5040-4ade-ac7a-280e0b8cfb58" testId="2bbac154-8f3f-9952-27db-6186775600a1" testName="Mystira.App.PWA.Tests.Components.LoadingIndicatorTests.LoadingIndicator_WithCustomSkeletonCount_RendersCorrectCount" computerName="runnervmh13bl" duration="00:00:00.0107502" startTime="2025-12-23T21:39:03.8919555+00:00" endTime="2025-12-23T21:39:03.8919557+00:00" testType="13cdc9d9-ddb5-4fa4-a97d-d965ccfc6d4b" outcome="Passed" testListId="8c84fa94-04c1-424b-9868-57a2d4851a1d" relativeResultsDirectory="4cf8322f-5040-4ade-ac7a-280e0b8cfb58" />
    <UnitTestResult executionId="a4b3572d-cf33-4052-b902-0783c79bcad6" testId="7334ca56-84ab-22db-834b-c1ec207c0ea7" testName="Mystira.App.PWA.Tests.Services.Music.AudioBusTests.StopSoundEffectAsync_ShouldUseEndpointCache" computerName="runnervmh13bl" duration="00:00:00.0190606" startTime="2025-12-23T21:39:03.5094516+00:00" endTime="2025-12-23T21:39:03.5094517+00:00" testType="13cdc9d9-ddb5-4fa4-a97d-d965ccfc6d4b" outcome="Passed" testListId="8c84fa94-04c1-424b-9868-57a2d4851a1d" relativeResultsDirectory="a4b3572d-cf33-4052-b902-0783c79bcad6" />
    <UnitTestResult executionId="2b810c6b-300f-4f0c-8192-995315343979" testId="570c6650-84c9-8a9c-4439-1dc5f6f96b5d" testName="Mystira.App.PWA.Tests.Services.Music.MusicResolverTests.ResolveMusic_ShouldReturnKeepTransition_WhenNotChangingTrack" computerName="runnervmh13bl" duration="00:00:00.0085660" startTime="2025-12-23T21:39:03.0264936+00:00" endTime="2025-12-23T21:39:03.0264937+00:00" testType="13cdc9d9-ddb5-4fa4-a97d-d965ccfc6d4b" outcome="Passed" testListId="8c84fa94-04c1-424b-9868-57a2d4851a1d" relativeResultsDirectory="2b810c6b-300f-4f0c-8192-995315343979" />
    <UnitTestResult executionId="d7f24391-ead8-43b9-ac9e-7a7a8a6240be" testId="ab55e42a-c70a-a1e2-f41e-30de3ac682ca" testName="Mystira.App.PWA.Tests.Components.ToastContainerTests.ToastContainer_WithDifferentTypes_RendersCorrectIcon(type: Warning, expectedClass: &quot;toast-warning&quot;, expectedIcon: &quot;⚠&quot;)" computerName="runnervmh13bl" duration="00:00:00.0017483" startTime="2025-12-23T21:39:03.9129230+00:00" endTime="2025-12-23T21:39:03.9129231+00:00" testType="13cdc9d9-ddb5-4fa4-a97d-d965ccfc6d4b" outcome="Passed" testListId="8c84fa94-04c1-424b-9868-57a2d4851a1d" relativeResultsDirectory="d7f24391-ead8-43b9-ac9e-7a7a8a6240be" />
    <UnitTestResult executionId="23c6d315-8be6-4d4d-ac4d-27b01c6d9646" testId="4498ddc0-408f-aa56-5166-22643ffe84e5" testName="Mystira.App.PWA.Tests.Services.ApiConnectionHelperTests.GetConnectionErrorMessage_WithNonLocalAddresses_ReturnsGenericMessage(apiBaseUrl: &quot;https://dev-api.mystira.com/&quot;)" computerName="runnervmh13bl" duration="00:00:00.0000133" startTime="2025-12-23T21:39:03.5639330+00:00" endTime="2025-12-23T21:39:03.5639331+00:00" testType="13cdc9d9-ddb5-4fa4-a97d-d965ccfc6d4b" outcome="Passed" testListId="8c84fa94-04c1-424b-9868-57a2d4851a1d" relativeResultsDirectory="23c6d315-8be6-4d4d-ac4d-27b01c6d9646" />
    <UnitTestResult executionId="06c8768f-b0d1-4d39-97d3-6dc3325423f4" testId="7e35f297-f707-0fa6-0fb4-1198e0b29ca7" testName="Mystira.App.PWA.Tests.Services.ApiConnectionHelperTests.GetConnectionErrorMessage_InDevelopmentWithoutLocalhost_ReturnsGenericMessage" computerName="runnervmh13bl" duration="00:00:00.0000853" startTime="2025-12-23T21:39:03.5689389+00:00" endTime="2025-12-23T21:39:03.5689390+00:00" testType="13cdc9d9-ddb5-4fa4-a97d-d965ccfc6d4b" outcome="Passed" testListId="8c84fa94-04c1-424b-9868-57a2d4851a1d" relativeResultsDirectory="06c8768f-b0d1-4d39-97d3-6dc3325423f4" />
    <UnitTestResult executionId="cc89af11-d4b8-4f48-bb30-adcc3e138eba" testId="a0f02b8f-fd97-5d0e-856a-49e16805fb7e" testName="Mystira.App.PWA.Tests.Services.Music.MusicResolverTests.ResolveMusic_ShouldResolveAutoTransition_ToShortCrossfade_WhenStartingFromSilence" computerName="runnervmh13bl" duration="00:00:00.0067781" startTime="2025-12-23T21:39:03.0270486+00:00" endTime="2025-12-23T21:39:03.0270487+00:00" testType="13cdc9d9-ddb5-4fa4-a97d-d965ccfc6d4b" outcome="Passed" testListId="8c84fa94-04c1-424b-9868-57a2d4851a1d" relativeResultsDirectory="cc89af11-d4b8-4f48-bb30-adcc3e138eba" />
    <UnitTestResult executionId="e7ae5a7b-7133-417c-a7a7-bb4751054104" testId="950ac531-91ca-9873-293c-12518a7d727d" testName="Mystira.App.PWA.Tests.Components.LoadingIndicatorTests.LoadingIndicator_SkeletonLines_HaveCorrectClasses" computerName="runnervmh13bl" duration="00:00:00.0260578" startTime="2025-12-23T21:39:03.8836908+00:00" endTime="2025-12-23T21:39:03.8836909+00:00" testType="13cdc9d9-ddb5-4fa4-a97d-d965ccfc6d4b" outcome="Passed" testListId="8c84fa94-04c1-424b-9868-57a2d4851a1d" relativeResultsDirectory="e7ae5a7b-7133-417c-a7a7-bb4751054104" />
    <UnitTestResult executionId="4158e1ad-1e7d-4d0b-a0bb-688f50ffc100" testId="38e592ca-58e1-6e17-bdd9-71d834c9c515" testName="Mystira.App.PWA.Tests.Services.ApiConnectionHelperTests.GetConnectionErrorMessage_InProduction_ReturnsGenericMessage" computerName="runnervmh13bl" duration="00:00:00.0038659" startTime="2025-12-23T21:39:03.5585205+00:00" endTime="2025-12-23T21:39:03.5585207+00:00" testType="13cdc9d9-ddb5-4fa4-a97d-d965ccfc6d4b" outcome="Passed" testListId="8c84fa94-04c1-424b-9868-57a2d4851a1d" relativeResultsDirectory="4158e1ad-1e7d-4d0b-a0bb-688f50ffc100" />
    <UnitTestResult executionId="ee16145f-2259-4ff6-8d41-fb1ce032275e" testId="d2be5936-3083-bc07-4343-4f9514632c7d" testName="Mystira.App.PWA.Tests.Services.EntraExternalIdAuthServiceTests.Constructor_WithNullNavigationManager_ThrowsArgumentNullException" computerName="runnervmh13bl" duration="00:00:00.0026211" startTime="2025-12-23T21:39:03.4167039+00:00" endTime="2025-12-23T21:39:03.4167040+00:00" testType="13cdc9d9-ddb5-4fa4-a97d-d965ccfc6d4b" outcome="Passed" testListId="8c84fa94-04c1-424b-9868-57a2d4851a1d" relativeResultsDirectory="ee16145f-2259-4ff6-8d41-fb1ce032275e" />
    <UnitTestResult executionId="db8a3dc0-950e-4d2a-ab01-85d670922681" testId="dbdbfd83-4d4a-9bce-a7b4-1a3f2abe05f5" testName="Mystira.App.PWA.Tests.Components.ErrorBoundaryWrapperTests.ErrorBoundaryWrapper_WithCustomErrorTitle_HasCorrectProperty" computerName="runnervmh13bl" duration="00:00:00.0044860" startTime="2025-12-23T21:39:03.7475223+00:00" endTime="2025-12-23T21:39:03.7475224+00:00" testType="13cdc9d9-ddb5-4fa4-a97d-d965ccfc6d4b" outcome="Passed" testListId="8c84fa94-04c1-424b-9868-57a2d4851a1d" relativeResultsDirectory="db8a3dc0-950e-4d2a-ab01-85d670922681" />
    <UnitTestResult executionId="cbbe4086-9bd5-43bf-a724-adc12d6bbe9d" testId="4b59c40b-5be9-440f-bfff-d7c136af1a31" testName="Mystira.App.PWA.Tests.Services.ApiConnectionHelperTests.IsConnectionRefused_WithOtherError_ReturnsFalse" computerName="runnervmh13bl" duration="00:00:00.0000720" startTime="2025-12-23T21:39:03.5724032+00:00" endTime="2025-12-23T21:39:03.5724033+00:00" testType="13cdc9d9-ddb5-4fa4-a97d-d965ccfc6d4b" outcome="Passed" testListId="8c84fa94-04c1-424b-9868-57a2d4851a1d" relativeResultsDirectory="cbbe4086-9bd5-43bf-a724-adc12d6bbe9d" />
    <UnitTestResult executionId="3b8b34a3-4bd6-42d7-98fc-e7adc31f0848" testId="e63e3c21-c6d1-f190-16d9-ef059859d019" testName="Mystira.App.PWA.Tests.Services.EntraExternalIdAuthServiceTests.LoginWithEntraAsync_WithValidConfiguration_RedirectsToAuthUrl" computerName="runnervmh13bl" duration="00:00:00.0068487" startTime="2025-12-23T21:39:03.4239234+00:00" endTime="2025-12-23T21:39:03.4239235+00:00" testType="13cdc9d9-ddb5-4fa4-a97d-d965ccfc6d4b" outcome="Passed" testListId="8c84fa94-04c1-424b-9868-57a2d4851a1d" relativeResultsDirectory="3b8b34a3-4bd6-42d7-98fc-e7adc31f0848" />
    <UnitTestResult executionId="cc3aa9a7-2a14-4e5a-bc74-543fb0579d39" testId="5552959e-515e-b65c-d062-baefe44110bb" testName="Mystira.App.PWA.Tests.Services.ApiConnectionHelperTests.IsConnectionRefused_WithNetworkErrorMessage_ReturnsTrue" computerName="runnervmh13bl" duration="00:00:00.0002486" startTime="2025-12-23T21:39:03.5644732+00:00" endTime="2025-12-23T21:39:03.5644733+00:00" testType="13cdc9d9-ddb5-4fa4-a97d-d965ccfc6d4b" outcome="Passed" testListId="8c84fa94-04c1-424b-9868-57a2d4851a1d" relativeResultsDirectory="cc3aa9a7-2a14-4e5a-bc74-543fb0579d39" />
    <UnitTestResult executionId="4f7a3ae9-fe09-4ca9-a327-dedd2c38b67a" testId="e0a2b085-861c-b9f4-f7a5-6368b8c6ec69" testName="Mystira.App.PWA.Tests.Services.Music.SceneAudioOrchestratorTests.OnSceneActionAsync_ShouldPauseAll_WhenActionIsActive" computerName="runnervmh13bl" duration="00:00:00.0014008" startTime="2025-12-23T21:39:03.0609214+00:00" endTime="2025-12-23T21:39:03.0609216+00:00" testType="13cdc9d9-ddb5-4fa4-a97d-d965ccfc6d4b" outcome="Passed" testListId="8c84fa94-04c1-424b-9868-57a2d4851a1d" relativeResultsDirectory="4f7a3ae9-fe09-4ca9-a327-dedd2c38b67a" />
    <UnitTestResult executionId="f8f7c211-8a5b-4540-bb98-8623cfbc2dff" testId="3557b5ee-fc22-7f7f-4c0b-6a79e62fa1d2" testName="Mystira.App.PWA.Tests.Services.Music.AudioBusTests.IsMusicPausedAsync_ShouldCallJsAndReturnResult" computerName="runnervmh13bl" duration="00:00:00.0094088" startTime="2025-12-23T21:39:03.5286199+00:00" endTime="2025-12-23T21:39:03.5286201+00:00" testType="13cdc9d9-ddb5-4fa4-a97d-d965ccfc6d4b" outcome="Passed" testListId="8c84fa94-04c1-424b-9868-57a2d4851a1d" relativeResultsDirectory="f8f7c211-8a5b-4540-bb98-8623cfbc2dff" />
    <UnitTestResult executionId="325a8dcb-d7fb-4fbd-8e2e-9f36e6bf7621" testId="ffc31afb-2699-3f8f-fd3d-9606183c7c53" testName="Mystira.App.PWA.Tests.Services.EntraExternalIdAuthServiceTests.LogoutAsync_RedirectsToLogoutEndpointWithoutIdTokenHintWhenMissing" computerName="runnervmh13bl" duration="00:00:00.0031028" startTime="2025-12-23T21:39:03.3031484+00:00" endTime="2025-12-23T21:39:03.3031486+00:00" testType="13cdc9d9-ddb5-4fa4-a97d-d965ccfc6d4b" outcome="Passed" testListId="8c84fa94-04c1-424b-9868-57a2d4851a1d" relativeResultsDirectory="325a8dcb-d7fb-4fbd-8e2e-9f36e6bf7621" />
    <UnitTestResult executionId="818eb24e-7bf5-48e7-9621-e9dc574bab52" testId="5f7b2a4e-4e06-0d98-4be5-2e59eee0bd56" testName="Mystira.App.PWA.Tests.Components.ErrorBoundaryWrapperTests.ErrorBoundaryWrapper_WithCustomErrorMessage_HasCorrectProperty" computerName="runnervmh13bl" duration="00:00:00.0116800" startTime="2025-12-23T21:39:03.7429692+00:00" endTime="2025-12-23T21:39:03.7429694+00:00" testType="13cdc9d9-ddb5-4fa4-a97d-d965ccfc6d4b" outcome="Passed" testListId="8c84fa94-04c1-424b-9868-57a2d4851a1d" relativeResultsDirectory="818eb24e-7bf5-48e7-9621-e9dc574bab52" />
    <UnitTestResult executionId="305a6c2c-72dd-406f-96bd-14d3c36519c7" testId="55005281-6419-7acb-5bf8-78a656bb4e82" testName="Mystira.App.PWA.Tests.Services.GameSessionApiClientTests.ProgressSessionSceneAsync_WhenSuccessful_ReturnsGameSession" computerName="runnervmh13bl" duration="00:00:00.0182521" startTime="2025-12-23T21:39:03.4449141+00:00" endTime="2025-12-23T21:39:03.4449142+00:00" testType="13cdc9d9-ddb5-4fa4-a97d-d965ccfc6d4b" outcome="Passed" testListId="8c84fa94-04c1-424b-9868-57a2d4851a1d" relativeResultsDirectory="305a6c2c-72dd-406f-96bd-14d3c36519c7" />
    <UnitTestResult executionId="68fd7f79-0c95-4ebc-b371-ec232153ec71" testId="afbab20f-24c3-9879-4953-25aac38d8fd5" testName="Mystira.App.PWA.Tests.Services.ToastServiceTests.ShowByType_UsesCorrectDefaultDuration(type: Success, expectedDuration: 3000)" computerName="runnervmh13bl" duration="00:00:00.0000636" startTime="2025-12-23T21:39:03.0086813+00:00" endTime="2025-12-23T21:39:03.0086815+00:00" testType="13cdc9d9-ddb5-4fa4-a97d-d965ccfc6d4b" outcome="Passed" testListId="8c84fa94-04c1-424b-9868-57a2d4851a1d" relativeResultsDirectory="68fd7f79-0c95-4ebc-b371-ec232153ec71" />
    <UnitTestResult executionId="0fb116dd-482f-497f-b9ca-fbae59521ea9" testId="fb6a5b4f-b9be-6f98-8150-c8f338be8832" testName="Mystira.App.PWA.Tests.Services.Music.AudioCacheServiceTests.CacheScenarioAudioAsync_ShouldFetchUniqueAudioTracks" computerName="runnervmh13bl" duration="00:00:00.0292740" startTime="2025-12-23T21:39:03.0136415+00:00" endTime="2025-12-23T21:39:03.0136416+00:00" testType="13cdc9d9-ddb5-4fa4-a97d-d965ccfc6d4b" outcome="Passed" testListId="8c84fa94-04c1-424b-9868-57a2d4851a1d" relativeResultsDirectory="0fb116dd-482f-497f-b9ca-fbae59521ea9" />
    <UnitTestResult executionId="38bcbdae-38d4-4302-b88b-6acd39234d8c" testId="7236ed3d-0180-c68d-13c9-409bfdd7f3c2" testName="Mystira.App.PWA.Tests.Services.SettingsServiceTests.GetAudioEnabledAsync_ShouldReturnTrueByDefault" computerName="runnervmh13bl" duration="00:00:00.0025460" startTime="2025-12-23T21:39:02.8924691+00:00" endTime="2025-12-23T21:39:02.8924692+00:00" testType="13cdc9d9-ddb5-4fa4-a97d-d965ccfc6d4b" outcome="Passed" testListId="8c84fa94-04c1-424b-9868-57a2d4851a1d" relativeResultsDirectory="38bcbdae-38d4-4302-b88b-6acd39234d8c" />
    <UnitTestResult executionId="48dba628-c219-4cad-8325-caf50454b9d8" testId="507b2cca-b929-a2f7-970e-b16295accdc1" testName="Mystira.App.PWA.Tests.Services.EntraExternalIdAuthServiceTests.HandleLoginCallbackAsync_WithStateMismatch_ReturnsFalse" computerName="runnervmh13bl" duration="00:00:00.0121312" startTime="2025-12-23T21:39:03.3922438+00:00" endTime="2025-12-23T21:39:03.3922440+00:00" testType="13cdc9d9-ddb5-4fa4-a97d-d965ccfc6d4b" outcome="Passed" testListId="8c84fa94-04c1-424b-9868-57a2d4851a1d" relativeResultsDirectory="48dba628-c219-4cad-8325-caf50454b9d8" />
    <UnitTestResult executionId="905012bb-87c5-4b44-bb9b-8dd195977333" testId="67277c5e-fd6c-17ed-4752-94b6ad754b5b" testName="Mystira.App.PWA.Tests.Services.SettingsServiceTests.GetAudioEnabledAsync_ShouldReturnFalse_WhenStoredAsFalse" computerName="runnervmh13bl" duration="00:00:00.0216656" startTime="2025-12-23T21:39:02.8912101+00:00" endTime="2025-12-23T21:39:02.8912103+00:00" testType="13cdc9d9-ddb5-4fa4-a97d-d965ccfc6d4b" outcome="Passed" testListId="8c84fa94-04c1-424b-9868-57a2d4851a1d" relativeResultsDirectory="905012bb-87c5-4b44-bb9b-8dd195977333" />
    <UnitTestResult executionId="a255421d-bd6e-4546-9338-317869a17d18" testId="6526cf5e-ed88-40af-b9af-b33dec234df3" testName="Mystira.App.PWA.Tests.Services.EntraExternalIdAuthServiceTests.LogoutAsync_RaisesAuthenticationStateChangedEvent" computerName="runnervmh13bl" duration="00:00:00.0352246" startTime="2025-12-23T21:39:03.2409710+00:00" endTime="2025-12-23T21:39:03.2409712+00:00" testType="13cdc9d9-ddb5-4fa4-a97d-d965ccfc6d4b" outcome="Passed" testListId="8c84fa94-04c1-424b-9868-57a2d4851a1d" relativeResultsDirectory="a255421d-bd6e-4546-9338-317869a17d18" />
    <UnitTestResult executionId="39b4a388-4cc7-4cab-b80a-a9390551b9ea" testId="eedd4d61-1c98-8f25-b77d-e179a9565030" testName="Mystira.App.PWA.Tests.Components.LoadingIndicatorTests.LoadingIndicator_WithNoMessage_DoesNotRenderMessageElement" computerName="runnervmh13bl" duration="00:00:00.0032117" startTime="2025-12-23T21:39:03.9164686+00:00" endTime="2025-12-23T21:39:03.9164688+00:00" testType="13cdc9d9-ddb5-4fa4-a97d-d965ccfc6d4b" outcome="Passed" testListId="8c84fa94-04c1-424b-9868-57a2d4851a1d" relativeResultsDirectory="39b4a388-4cc7-4cab-b80a-a9390551b9ea" />
    <UnitTestResult executionId="51f3fe11-5117-42eb-9274-8880426103f7" testId="fbad8318-1d18-dffc-b6d2-f7c3df944852" testName="Mystira.App.PWA.Tests.Services.GameSessionApiClientTests.GetSessionsByAccountAsync_WhenNetworkError_ReturnsNull" computerName="runnervmh13bl" duration="00:00:00.0040620" startTime="2025-12-23T21:39:03.4504724+00:00" endTime="2025-12-23T21:39:03.4504725+00:00" testType="13cdc9d9-ddb5-4fa4-a97d-d965ccfc6d4b" outcome="Passed" testListId="8c84fa94-04c1-424b-9868-57a2d4851a1d" relativeResultsDirectory="51f3fe11-5117-42eb-9274-8880426103f7" />
    <UnitTestResult executionId="bc43d045-3891-4600-b536-40103302495d" testId="a4a2eb37-e9e6-f9cd-4d65-58bc34ca3975" testName="Mystira.App.PWA.Tests.Services.ApiConnectionHelperTests.IsConnectionRefused_WithFailedToFetchMessage_ReturnsTrue" computerName="runnervmh13bl" duration="00:00:00.0000615" startTime="2025-12-23T21:39:03.5735031+00:00" endTime="2025-12-23T21:39:03.5735032+00:00" testType="13cdc9d9-ddb5-4fa4-a97d-d965ccfc6d4b" outcome="Passed" testListId="8c84fa94-04c1-424b-9868-57a2d4851a1d" relativeResultsDirectory="bc43d045-3891-4600-b536-40103302495d" />
    <UnitTestResult executionId="c9315739-2b40-480f-a3fe-9d165df1875b" testId="49818c32-268b-43fd-122a-d19c847e29bd" testName="Mystira.App.PWA.Tests.Services.EntraExternalIdAuthServiceTests.GetTokenAsync_WithNoStoredToken_ReturnsNull" computerName="runnervmh13bl" duration="00:00:00.0009517" startTime="2025-12-23T21:39:03.4379329+00:00" endTime="2025-12-23T21:39:03.4379331+00:00" testType="13cdc9d9-ddb5-4fa4-a97d-d965ccfc6d4b" outcome="Passed" testListId="8c84fa94-04c1-424b-9868-57a2d4851a1d" relativeResultsDirectory="c9315739-2b40-480f-a3fe-9d165df1875b" />
    <UnitTestResult executionId="18f7d3ca-aad0-470f-b139-9d9bea380871" testId="b0f1aae0-6bae-b7d8-f760-b8dd62cf7a2c" testName="Mystira.App.PWA.Tests.Services.Music.SceneAudioOrchestratorTests.EnterSceneAsync_ShouldUpdateContextEnergy_EvenIfTrackDoesNotChange" computerName="runnervmh13bl" duration="00:00:00.0441525" startTime="2025-12-23T21:39:03.1031809+00:00" endTime="2025-12-23T21:39:03.1031810+00:00" testType="13cdc9d9-ddb5-4fa4-a97d-d965ccfc6d4b" outcome="Passed" testListId="8c84fa94-04c1-424b-9868-57a2d4851a1d" relativeResultsDirectory="18f7d3ca-aad0-470f-b139-9d9bea380871" />
    <UnitTestResult executionId="c7e3410f-473b-4577-a742-fed87e812aa7" testId="48a6400f-ac83-1b8d-82bb-3ddb7451db81" testName="Mystira.App.PWA.Tests.Services.EntraExternalIdAuthServiceTests.IsAuthenticatedAsync_WithNoStoredData_ReturnsFalse" computerName="runnervmh13bl" duration="00:00:00.0017217" startTime="2025-12-23T21:39:03.3069550+00:00" endTime="2025-12-23T21:39:03.3069552+00:00" testType="13cdc9d9-ddb5-4fa4-a97d-d965ccfc6d4b" outcome="Passed" testListId="8c84fa94-04c1-424b-9868-57a2d4851a1d" relativeResultsDirectory="c7e3410f-473b-4577-a742-fed87e812aa7" />
    <UnitTestResult executionId="645ae2f0-1845-4d86-9203-1a9e3dce5eb5" testId="b4fd215d-fefe-851d-21e3-57f1e5f8856b" testName="Mystira.App.PWA.Tests.Services.Music.AudioBusTests.AllMethods_ShouldNotCallJs_WhenAudioDisabled" computerName="runnervmh13bl" duration="00:00:00.0149596" startTime="2025-12-23T21:39:03.5465698+00:00" endTime="2025-12-23T21:39:03.5465700+00:00" testType="13cdc9d9-ddb5-4fa4-a97d-d965ccfc6d4b" outcome="Passed" testListId="8c84fa94-04c1-424b-9868-57a2d4851a1d" relativeResultsDirectory="645ae2f0-1845-4d86-9203-1a9e3dce5eb5" />
    <UnitTestResult executionId="72a4fb2e-e9f8-413c-bbbc-fd1f0f4fe35b" testId="5861f4b7-d29e-837e-9f73-c82100f9f26b" testName="Mystira.App.PWA.Tests.Services.Music.SceneAudioOrchestratorTests.EnterSceneAsync_ShouldPlayMusic_WhenResolverReturnsTrack" computerName="runnervmh13bl" duration="00:00:00.0167876" startTime="2025-12-23T21:39:03.0426584+00:00" endTime="2025-12-23T21:39:03.0426587+00:00" testType="13cdc9d9-ddb5-4fa4-a97d-d965ccfc6d4b" outcome="Passed" testListId="8c84fa94-04c1-424b-9868-57a2d4851a1d" relativeResultsDirectory="72a4fb2e-e9f8-413c-bbbc-fd1f0f4fe35b" />
    <UnitTestResult executionId="b36dad99-9283-4c80-9b09-05d9383323e6" testId="231adf1e-c0ed-b777-fa05-4aac947af15f" testName="Mystira.App.PWA.Tests.Components.ToastContainerTests.ToastContainer_OnInitialized_SubscribesToToastService" computerName="runnervmh13bl" duration="00:00:00.0022252" startTime="2025-12-23T21:39:03.9318458+00:00" endTime="2025-12-23T21:39:03.9318461+00:00" testType="13cdc9d9-ddb5-4fa4-a97d-d965ccfc6d4b" outcome="Passed" testListId="8c84fa94-04c1-424b-9868-57a2d4851a1d" relativeResultsDirectory="b36dad99-9283-4c80-9b09-05d9383323e6" />
    <UnitTestResult executionId="2b19866a-6218-4209-aeb3-bf85546408e7" testId="85331945-9869-11d4-2fcd-db4a6c9ea7bc" testName="Mystira.App.PWA.Tests.Services.ApiConnectionHelperTests.GetConnectionErrorMessage_WithNonLocalAddresses_ReturnsGenericMessage(apiBaseUrl: &quot;http://192.168.1.100:5260/&quot;)" computerName="runnervmh13bl" duration="00:00:00.0001923" startTime="2025-12-23T21:39:03.5602870+00:00" endTime="2025-12-23T21:39:03.5602871+00:00" testType="13cdc9d9-ddb5-4fa4-a97d-d965ccfc6d4b" outcome="Passed" testListId="8c84fa94-04c1-424b-9868-57a2d4851a1d" relativeResultsDirectory="2b19866a-6218-4209-aeb3-bf85546408e7" />
    <UnitTestResult executionId="57bd22df-3077-41b9-8128-b9ee65ddae0c" testId="219e8235-a282-dfe6-e44c-5a40e5f7602c" testName="Mystira.App.PWA.Tests.Services.Music.MusicResolverTests.ResolveMusic_ShouldResolveAutoTransition_ToNormalCrossfade_WhenChangingTracks" computerName="runnervmh13bl" duration="00:00:00.0002598" startTime="2025-12-23T21:39:03.0281157+00:00" endTime="2025-12-23T21:39:03.0281157+00:00" testType="13cdc9d9-ddb5-4fa4-a97d-d965ccfc6d4b" outcome="Passed" testListId="8c84fa94-04c1-424b-9868-57a2d4851a1d" relativeResultsDirectory="57bd22df-3077-41b9-8128-b9ee65ddae0c" />
    <UnitTestResult executionId="6fc9f0d7-496e-497a-88ef-c3972415f00e" testId="cd3598a0-26be-6a93-606b-27ce8d62ed33" testName="Mystira.App.PWA.Tests.Services.GameSessionApiClientTests.EndGameSessionAsync_WhenApiFails_ReturnsNull" computerName="runnervmh13bl" duration="00:00:00.0018625" startTime="2025-12-23T21:39:03.4499417+00:00" endTime="2025-12-23T21:39:03.4499418+00:00" testType="13cdc9d9-ddb5-4fa4-a97d-d965ccfc6d4b" outcome="Passed" testListId="8c84fa94-04c1-424b-9868-57a2d4851a1d" relativeResultsDirectory="6fc9f0d7-496e-497a-88ef-c3972415f00e" />
    <UnitTestResult executionId="abbfbc9e-e3dc-4cdb-ae46-7a474244fee5" testId="b364be6a-f816-c89f-c82a-f62e97e77258" testName="Mystira.App.PWA.Tests.Services.EntraExternalIdAuthServiceTests.HandleLoginCallbackAsync_WithNoFragment_ReturnsFalse" computerName="runnervmh13bl" duration="00:00:00.0010300" startTime="2025-12-23T21:39:03.4244584+00:00" endTime="2025-12-23T21:39:03.4244584+00:00" testType="13cdc9d9-ddb5-4fa4-a97d-d965ccfc6d4b" outcome="Passed" testListId="8c84fa94-04c1-424b-9868-57a2d4851a1d" relativeResultsDirectory="abbfbc9e-e3dc-4cdb-ae46-7a474244fee5" />
    <UnitTestResult executionId="b6b0c979-4539-4afc-aa32-c7d54ffdfbb7" testId="8d14ed9a-75bc-fb3a-b232-7ee546fff4f4" testName="Mystira.App.PWA.Tests.Services.EntraExternalIdAuthServiceTests.LogoutAsync_RedirectsToLogoutEndpointWithIdTokenHint" computerName="runnervmh13bl" duration="00:00:00.0075750" startTime="2025-12-23T21:39:03.2499912+00:00" endTime="2025-12-23T21:39:03.2499914+00:00" testType="13cdc9d9-ddb5-4fa4-a97d-d965ccfc6d4b" outcome="Passed" testListId="8c84fa94-04c1-424b-9868-57a2d4851a1d" relativeResultsDirectory="b6b0c979-4539-4afc-aa32-c7d54ffdfbb7" />
    <UnitTestResult executionId="134b7c4e-f55d-4e73-b550-b201213d5f80" testId="5aba4b7d-cf02-ad02-cff7-2b54f3ab1755" testName="Mystira.App.PWA.Tests.Services.ApiConnectionHelperTests.IsConnectionRefused_WithInnerFailedToFetch_ReturnsTrue" computerName="runnervmh13bl" duration="00:00:00.0001006" startTime="2025-12-23T21:39:03.5739995+00:00" endTime="2025-12-23T21:39:03.5739996+00:00" testType="13cdc9d9-ddb5-4fa4-a97d-d965ccfc6d4b" outcome="Passed" testListId="8c84fa94-04c1-424b-9868-57a2d4851a1d" relativeResultsDirectory="134b7c4e-f55d-4e73-b550-b201213d5f80" />
    <UnitTestResult executionId="d6cbeb90-a890-4529-a416-746fd4a79426" testId="bfecbddb-0fae-6b0f-ff83-1562e35df716" testName="Mystira.App.PWA.Tests.Services.Music.MusicResolverTests.ResolveMusic_ShouldForceChange_WhenIntentIsForceChange" computerName="runnervmh13bl" duration="00:00:00.0005293" startTime="2025-12-23T21:39:03.0275472+00:00" endTime="2025-12-23T21:39:03.0275472+00:00" testType="13cdc9d9-ddb5-4fa4-a97d-d965ccfc6d4b" outcome="Passed" testListId="8c84fa94-04c1-424b-9868-57a2d4851a1d" relativeResultsDirectory="d6cbeb90-a890-4529-a416-746fd4a79426" />
    <UnitTestResult executionId="eb41b55c-500c-4133-8f15-34a70ddb3e05" testId="ad1d5d82-8d2d-04fc-22ce-c75b21c1b571" testName="Mystira.App.PWA.Tests.Components.ToastContainerTests.ToastContainer_WithDifferentTypes_RendersCorrectIcon(type: Success, expectedClass: &quot;toast-success&quot;, expectedIcon: &quot;✓&quot;)" computerName="runnervmh13bl" duration="00:00:00.0022056" startTime="2025-12-23T21:39:03.9092195+00:00" endTime="2025-12-23T21:39:03.9092196+00:00" testType="13cdc9d9-ddb5-4fa4-a97d-d965ccfc6d4b" outcome="Passed" testListId="8c84fa94-04c1-424b-9868-57a2d4851a1d" relativeResultsDirectory="eb41b55c-500c-4133-8f15-34a70ddb3e05" />
    <UnitTestResult executionId="4fe948b9-7c04-4df4-a9bd-e5b8ba7791f7" testId="25dbb77b-122d-f78a-b6e1-a8463e80df15" testName="Mystira.App.PWA.Tests.Components.ToastContainerTests.ToastContainer_OnClear_RemovesAllToasts" computerName="runnervmh13bl" duration="00:00:00.0031855" startTime="2025-12-23T21:39:03.9250245+00:00" endTime="2025-12-23T21:39:03.9250246+00:00" testType="13cdc9d9-ddb5-4fa4-a97d-d965ccfc6d4b" outcome="Passed" testListId="8c84fa94-04c1-424b-9868-57a2d4851a1d" relativeResultsDirectory="4fe948b9-7c04-4df4-a9bd-e5b8ba7791f7" />
    <UnitTestResult executionId="fc2b0540-220c-46a2-9e4d-fa4fa420ada6" testId="a49d4774-067b-292d-0649-cf0d4bfd3a58" testName="Mystira.App.PWA.Tests.Services.Music.AudioBusTests.ResumeMusicAsync_ShouldCallJs" computerName="runnervmh13bl" duration="00:00:00.0050700" startTime="2025-12-23T21:39:03.5549417+00:00" endTime="2025-12-23T21:39:03.5549418+00:00" testType="13cdc9d9-ddb5-4fa4-a97d-d965ccfc6d4b" outcome="Passed" testListId="8c84fa94-04c1-424b-9868-57a2d4851a1d" relativeResultsDirectory="fc2b0540-220c-46a2-9e4d-fa4fa420ada6" />
    <UnitTestResult executionId="09f95731-5338-4b2d-aeb0-53073b883c90" testId="e07f7817-64e5-2118-a8dc-936f430c457f" testName="Mystira.App.PWA.Tests.Services.EntraExternalIdAuthServiceTests.GetCurrentAccountAsync_WithStoredAccount_ReturnsAccount" computerName="runnervmh13bl" duration="00:00:00.0045073" startTime="2025-12-23T21:39:03.3124517+00:00" endTime="2025-12-23T21:39:03.3124519+00:00" testType="13cdc9d9-ddb5-4fa4-a97d-d965ccfc6d4b" outcome="Passed" testListId="8c84fa94-04c1-424b-9868-57a2d4851a1d" relativeResultsDirectory="09f95731-5338-4b2d-aeb0-53073b883c90" />
    <UnitTestResult executionId="25c212a8-e5ea-4622-a16a-434ee45ae582" testId="28490e99-7b25-4cec-3bd5-57748e8a6edb" testName="Mystira.App.PWA.Tests.Components.ToastContainerTests.ToastContainer_OnToastShow_RendersToast" computerName="runnervmh13bl" duration="00:00:00.0020059" startTime="2025-12-23T21:39:03.9271353+00:00" endTime="2025-12-23T21:39:03.9271354+00:00" testType="13cdc9d9-ddb5-4fa4-a97d-d965ccfc6d4b" outcome="Passed" testListId="8c84fa94-04c1-424b-9868-57a2d4851a1d" relativeResultsDirectory="25c212a8-e5ea-4622-a16a-434ee45ae582" />
    <UnitTestResult executionId="026a97f3-818e-4902-ba80-98f23f4a63fd" testId="155dbeb0-49b2-2daa-45ce-257a07251c94" testName="Mystira.App.PWA.Tests.Services.ApiConnectionHelperTests.GetConnectionErrorMessage_WithNonLocalAddresses_ReturnsGenericMessage(apiBaseUrl: &quot;https://api.example.com/&quot;)" computerName="runnervmh13bl" duration="00:00:00.0001899" startTime="2025-12-23T21:39:03.5592109+00:00" endTime="2025-12-23T21:39:03.5592110+00:00" testType="13cdc9d9-ddb5-4fa4-a97d-d965ccfc6d4b" outcome="Passed" testListId="8c84fa94-04c1-424b-9868-57a2d4851a1d" relativeResultsDirectory="026a97f3-818e-4902-ba80-98f23f4a63fd" />
    <UnitTestResult executionId="79ab8a74-15a9-44ed-a6cb-7b8139b8f3e2" testId="4ddb3731-7c4a-2fe6-5b54-7968ea1936e0" testName="Mystira.App.PWA.Tests.Components.LoadingIndicatorTests.LoadingIndicator_WithDefaultParameters_RendersSpinner" computerName="runnervmh13bl" duration="00:00:00.0021961" startTime="2025-12-23T21:39:03.9087375+00:00" endTime="2025-12-23T21:39:03.9087377+00:00" testType="13cdc9d9-ddb5-4fa4-a97d-d965ccfc6d4b" outcome="Passed" testListId="8c84fa94-04c1-424b-9868-57a2d4851a1d" relativeResultsDirectory="79ab8a74-15a9-44ed-a6cb-7b8139b8f3e2" />
    <UnitTestResult executionId="884deb3c-8898-460f-af83-fafb3bdb2d97" testId="15d90d0b-25be-e208-9511-0cd5216380e5" testName="Mystira.App.PWA.Tests.Components.ToastContainerTests.ToastContainer_WithMultipleToasts_RendersAll" computerName="runnervmh13bl" duration="00:00:00.0026606" startTime="2025-12-23T21:39:03.9296850+00:00" endTime="2025-12-23T21:39:03.9296853+00:00" testType="13cdc9d9-ddb5-4fa4-a97d-d965ccfc6d4b" outcome="Passed" testListId="8c84fa94-04c1-424b-9868-57a2d4851a1d" relativeResultsDirectory="884deb3c-8898-460f-af83-fafb3bdb2d97" />
    <UnitTestResult executionId="452b653e-d27e-443a-a159-6f86468e31d9" testId="d1351d73-476b-d703-4f9f-965744e663ef" testName="Mystira.App.PWA.Tests.Components.LoadingIndicatorTests.LoadingIndicator_WithMessage_RendersMessage" computerName="runnervmh13bl" duration="00:00:00.0034548" startTime="2025-12-23T21:39:03.9133615+00:00" endTime="2025-12-23T21:39:03.9133616+00:00" testType="13cdc9d9-ddb5-4fa4-a97d-d965ccfc6d4b" outcome="Passed" testListId="8c84fa94-04c1-424b-9868-57a2d4851a1d" relativeResultsDirectory="452b653e-d27e-443a-a159-6f86468e31d9" />
    <UnitTestResult executionId="b929d9e6-ad64-4b42-bcfb-a1d440266152" testId="8c4d120c-e1f1-d8fe-f6c0-25a2abff7629" testName="Mystira.App.PWA.Tests.Services.EntraExternalIdAuthServiceTests.LoginWithEntraAsync_WithJSException_ThrowsInvalidOperationException" computerName="runnervmh13bl" duration="00:00:00.0029795" startTime="2025-12-23T21:39:03.4347143+00:00" endTime="2025-12-23T21:39:03.4347144+00:00" testType="13cdc9d9-ddb5-4fa4-a97d-d965ccfc6d4b" outcome="Passed" testListId="8c84fa94-04c1-424b-9868-57a2d4851a1d" relativeResultsDirectory="b929d9e6-ad64-4b42-bcfb-a1d440266152" />
    <UnitTestResult executionId="e9632ade-6815-4dce-9b31-76dd00cfb6a2" testId="af0b8e8c-b8be-81df-e453-6897421dcab3" testName="Mystira.App.PWA.Tests.Components.ToastContainerTests.ToastContainer_HasCorrectAriaAttributes" computerName="runnervmh13bl" duration="00:00:00.0015405" startTime="2025-12-23T21:39:03.9142344+00:00" endTime="2025-12-23T21:39:03.9142345+00:00" testType="13cdc9d9-ddb5-4fa4-a97d-d965ccfc6d4b" outcome="Passed" testListId="8c84fa94-04c1-424b-9868-57a2d4851a1d" relativeResultsDirectory="e9632ade-6815-4dce-9b31-76dd00cfb6a2" />
    <UnitTestResult executionId="c60b764a-ea0b-4725-831c-6e510db80683" testId="4eced13e-ec55-94a3-7416-1d35cba16206" testName="Mystira.App.PWA.Tests.Services.AchievementsMapperTests.MapAxes_PlatinumAndDiamondTiers_ShowsProgressCorrectly" computerName="runnervmh13bl" duration="00:00:00.0008018" startTime="2025-12-23T21:39:03.5970268+00:00" endTime="2025-12-23T21:39:03.5970269+00:00" testType="13cdc9d9-ddb5-4fa4-a97d-d965ccfc6d4b" outcome="Passed" testListId="8c84fa94-04c1-424b-9868-57a2d4851a1d" relativeResultsDirectory="c60b764a-ea0b-4725-831c-6e510db80683" />
    <UnitTestResult executionId="ac12db31-c099-479b-a705-cb9a4f2d4074" testId="f43298d7-1aa6-f310-0ad7-23212a4fb836" testName="Mystira.App.PWA.Tests.Services.Music.AudioBusTests.PauseMusicAsync_ShouldCallJs" computerName="runnervmh13bl" duration="00:00:00.0023862" startTime="2025-12-23T21:39:03.5314984+00:00" endTime="2025-12-23T21:39:03.5314986+00:00" testType="13cdc9d9-ddb5-4fa4-a97d-d965ccfc6d4b" outcome="Passed" testListId="8c84fa94-04c1-424b-9868-57a2d4851a1d" relativeResultsDirectory="ac12db31-c099-479b-a705-cb9a4f2d4074" />
    <UnitTestResult executionId="83b3b898-d6bf-45e0-8422-7241cb078423" testId="c433d3e2-a194-8258-edde-178c4174bb3d" testName="Mystira.App.PWA.Tests.Services.GameSessionApiClientTests.GetInProgressSessionsAsync_WhenSuccessful_ReturnsList" computerName="runnervmh13bl" duration="00:00:00.0056188" startTime="2025-12-23T21:39:03.4897158+00:00" endTime="2025-12-23T21:39:03.4897160+00:00" testType="13cdc9d9-ddb5-4fa4-a97d-d965ccfc6d4b" outcome="Passed" testListId="8c84fa94-04c1-424b-9868-57a2d4851a1d" relativeResultsDirectory="83b3b898-d6bf-45e0-8422-7241cb078423" />
    <UnitTestResult executionId="dea9804a-6f96-472a-92be-da3d6a1b1f7b" testId="ec71e9d5-0a70-a42b-e76a-8fabe1002629" testName="Mystira.App.PWA.Tests.Components.ErrorBoundaryWrapperTests.ErrorBoundaryWrapper_WithCustomRecoverButtonText_HasCorrectProperty" computerName="runnervmh13bl" duration="00:00:00.0175384" startTime="2025-12-23T21:39:03.8819519+00:00" endTime="2025-12-23T21:39:03.8819521+00:00" testType="13cdc9d9-ddb5-4fa4-a97d-d965ccfc6d4b" outcome="Passed" testListId="8c84fa94-04c1-424b-9868-57a2d4851a1d" relativeResultsDirectory="dea9804a-6f96-472a-92be-da3d6a1b1f7b" />
    <UnitTestResult executionId="446ec6c0-53bf-4f7e-a821-f28f8112f630" testId="b8045ad8-ee89-f4e2-6736-969a12bde992" testName="Mystira.App.PWA.Tests.Pages.AchievementsPageTests.AchievementsPage_DisplaysTierCards" computerName="runnervmh13bl" duration="00:00:00.7016865" startTime="2025-12-23T21:39:03.9330855+00:00" endTime="2025-12-23T21:39:03.9330857+00:00" testType="13cdc9d9-ddb5-4fa4-a97d-d965ccfc6d4b" outcome="Passed" testListId="8c84fa94-04c1-424b-9868-57a2d4851a1d" relativeResultsDirectory="446ec6c0-53bf-4f7e-a821-f28f8112f630" />
    <UnitTestResult executionId="762de576-5884-4b21-a82b-f703dbce4e69" testId="5bd89bdf-5271-466b-042f-9e624fb7733c" testName="Mystira.App.PWA.Tests.Services.CharacterAssignmentServiceTests.StartGameSessionWithAssignmentsAsync_ShouldOrchestrateAudioForStartingScene" computerName="runnervmh13bl" duration="00:00:00.0626579" startTime="2025-12-23T21:39:03.1739344+00:00" endTime="2025-12-23T21:39:03.1739345+00:00" testType="13cdc9d9-ddb5-4fa4-a97d-d965ccfc6d4b" outcome="Passed" testListId="8c84fa94-04c1-424b-9868-57a2d4851a1d" relativeResultsDirectory="762de576-5884-4b21-a82b-f703dbce4e69" />
    <UnitTestResult executionId="f43d388f-ef69-40ce-903b-308592463c4f" testId="128536ee-2d69-49f4-3c64-f85aad98e2dc" testName="Mystira.App.PWA.Tests.Components.LoadingIndicatorTests.LoadingIndicator_WithBothModes_RendersBoth" computerName="runnervmh13bl" duration="00:00:00.0059860" startTime="2025-12-23T21:39:03.8539722+00:00" endTime="2025-12-23T21:39:03.8539724+00:00" testType="13cdc9d9-ddb5-4fa4-a97d-d965ccfc6d4b" outcome="Passed" testListId="8c84fa94-04c1-424b-9868-57a2d4851a1d" relativeResultsDirectory="f43d388f-ef69-40ce-903b-308592463c4f" />
    <UnitTestResult executionId="08db15e3-821f-4b8e-8147-cf91c3c0387e" testId="44b1ffe2-744a-543a-b7c5-9bea3d6c08e9" testName="Mystira.App.PWA.Tests.Services.Music.AudioBusTests.PlaySoundEffectAsync_ShouldUseEndpointCache" computerName="runnervmh13bl" duration="00:00:00.0025820" startTime="2025-12-23T21:39:03.5556037+00:00" endTime="2025-12-23T21:39:03.5556039+00:00" testType="13cdc9d9-ddb5-4fa4-a97d-d965ccfc6d4b" outcome="Passed" testListId="8c84fa94-04c1-424b-9868-57a2d4851a1d" relativeResultsDirectory="08db15e3-821f-4b8e-8147-cf91c3c0387e" />
    <UnitTestResult executionId="39b4601f-004a-47af-ab21-caa3cc0c7a52" testId="610722a7-e4eb-79dd-9d2e-977b781cc02e" testName="Mystira.App.PWA.Tests.Services.Music.MusicResolverTests.GetEffectiveIntent_ShouldReturnDefault_WhenSceneMusicIsNull" computerName="runnervmh13bl" duration="00:00:00.0017402" startTime="2025-12-23T21:39:03.0329308+00:00" endTime="2025-12-23T21:39:03.0329309+00:00" testType="13cdc9d9-ddb5-4fa4-a97d-d965ccfc6d4b" outcome="Passed" testListId="8c84fa94-04c1-424b-9868-57a2d4851a1d" relativeResultsDirectory="39b4601f-004a-47af-ab21-caa3cc0c7a52" />
    <UnitTestResult executionId="408135c2-c96c-4ccb-b71f-6e919fab52c6" testId="7b2925aa-3fe0-8c55-43cb-fa53293d5317" testName="Mystira.App.PWA.Tests.Services.EntraExternalIdAuthServiceTests.EnsureTokenValidAsync_WithExpiredToken_ReturnsFalse" computerName="runnervmh13bl" duration="00:00:00.0012858" startTime="2025-12-23T21:39:03.4302249+00:00" endTime="2025-12-23T21:39:03.4302250+00:00" testType="13cdc9d9-ddb5-4fa4-a97d-d965ccfc6d4b" outcome="Passed" testListId="8c84fa94-04c1-424b-9868-57a2d4851a1d" relativeResultsDirectory="408135c2-c96c-4ccb-b71f-6e919fab52c6" />
    <UnitTestResult executionId="23958f9e-f23d-44d9-b9ea-ebb4341608ce" testId="3c406dbc-6ed8-992d-c57c-fa962b6c9814" testName="Mystira.App.PWA.Tests.Services.SettingsServiceTests.SetAudioEnabledAsync_ShouldStoreValue" computerName="runnervmh13bl" duration="00:00:00.1718799" startTime="2025-12-23T21:39:02.8500992+00:00" endTime="2025-12-23T21:39:02.8501303+00:00" testType="13cdc9d9-ddb5-4fa4-a97d-d965ccfc6d4b" outcome="Passed" testListId="8c84fa94-04c1-424b-9868-57a2d4851a1d" relativeResultsDirectory="23958f9e-f23d-44d9-b9ea-ebb4341608ce" />
    <UnitTestResult executionId="d2274435-3c5b-4341-8437-f601aabc9c2b" testId="118e5c9e-7d4e-b262-4702-c48481793195" testName="Mystira.App.PWA.Tests.Services.ApiConnectionHelperTests.GetConnectionErrorMessage_WithVariousLocalAddresses_ReturnsHelpfulMessage(apiBaseUrl: &quot;http://127.0.0.1:5260/&quot;)" computerName="runnervmh13bl" duration="00:00:00.0000115" startTime="2025-12-23T21:39:03.5673092+00:00" endTime="2025-12-23T21:39:03.5673093+00:00" testType="13cdc9d9-ddb5-4fa4-a97d-d965ccfc6d4b" outcome="Passed" testListId="8c84fa94-04c1-424b-9868-57a2d4851a1d" relativeResultsDirectory="d2274435-3c5b-4341-8437-f601aabc9c2b" />
    <UnitTestResult executionId="f29ef021-744e-46c4-bfab-1542e52458a0" testId="1de315db-3044-c5a8-e6f1-ea53263f59be" testName="Mystira.App.PWA.Tests.Services.EntraExternalIdAuthServiceTests.GetTokenExpiryTime_WithValidToken_ReturnsExpiryTime" computerName="runnervmh13bl" duration="00:00:00.0054854" startTime="2025-12-23T21:39:03.4571903+00:00" endTime="2025-12-23T21:39:03.4571905+00:00" testType="13cdc9d9-ddb5-4fa4-a97d-d965ccfc6d4b" outcome="Passed" testListId="8c84fa94-04c1-424b-9868-57a2d4851a1d" relativeResultsDirectory="f29ef021-744e-46c4-bfab-1542e52458a0" />
    <UnitTestResult executionId="72e840bf-f5ba-4746-8fb1-429621ad5745" testId="80cc22d0-aae8-4898-8b7b-991b63b78066" testName="Mystira.App.PWA.Tests.Services.ToastServiceTests.Show_WithCustomDuration_UsesSpecifiedDuration" computerName="runnervmh13bl" duration="00:00:00.0043696" startTime="2025-12-23T21:39:03.0186997+00:00" endTime="2025-12-23T21:39:03.0186998+00:00" testType="13cdc9d9-ddb5-4fa4-a97d-d965ccfc6d4b" outcome="Passed" testListId="8c84fa94-04c1-424b-9868-57a2d4851a1d" relativeResultsDirectory="72e840bf-f5ba-4746-8fb1-429621ad5745" />
    <UnitTestResult executionId="672f46c0-1082-410b-88df-25d310ce6bc9" testId="e1ec6fff-4d79-0cc7-36af-62b8188fcc35" testName="Mystira.App.PWA.Tests.Components.LoadingIndicatorTests.LoadingIndicator_WithVariousSkeletonCounts_RendersCorrectly(count: 3)" computerName="runnervmh13bl" duration="00:00:00.0028373" startTime="2025-12-23T21:39:03.9033476+00:00" endTime="2025-12-23T21:39:03.9033478+00:00" testType="13cdc9d9-ddb5-4fa4-a97d-d965ccfc6d4b" outcome="Passed" testListId="8c84fa94-04c1-424b-9868-57a2d4851a1d" relativeResultsDirectory="672f46c0-1082-410b-88df-25d310ce6bc9" />
    <UnitTestResult executionId="d5f72c6e-2f9b-4ffc-804a-3d925cc0e7cf" testId="16366a7a-52e0-3750-aa54-93381fee4210" testName="Mystira.App.PWA.Tests.Services.EntraExternalIdAuthServiceTests.IsAuthenticatedAsync_WithStoredToken_ReturnsTrue" computerName="runnervmh13bl" duration="00:00:00.0597178" startTime="2025-12-23T21:39:03.1746715+00:00" endTime="2025-12-23T21:39:03.1746718+00:00" testType="13cdc9d9-ddb5-4fa4-a97d-d965ccfc6d4b" outcome="Passed" testListId="8c84fa94-04c1-424b-9868-57a2d4851a1d" relativeResultsDirectory="d5f72c6e-2f9b-4ffc-804a-3d925cc0e7cf" />
    <UnitTestResult executionId="6fb66e67-712b-42f4-9f5b-be2968acd701" testId="8dbff86a-d281-bd9f-3b77-5bce266a6336" testName="Mystira.App.PWA.Tests.Services.ToastServiceTests.ShowSuccess_RaisesOnShowEvent" computerName="runnervmh13bl" duration="00:00:00.0003642" startTime="2025-12-23T21:39:03.0228592+00:00" endTime="2025-12-23T21:39:03.0228593+00:00" testType="13cdc9d9-ddb5-4fa4-a97d-d965ccfc6d4b" outcome="Passed" testListId="8c84fa94-04c1-424b-9868-57a2d4851a1d" relativeResultsDirectory="6fb66e67-712b-42f4-9f5b-be2968acd701" />
    <UnitTestResult executionId="f5ed2c30-1ae3-42c3-81bb-d36e3f0eb4ef" testId="7e3188d2-1cfe-0ecf-ff43-d0c2fec3a5cf" testName="Mystira.App.PWA.Tests.Services.GameSessionApiClientTests.StartGameSessionWithAssignmentsAsync_WhenSuccessful_ReturnsGameSession" computerName="runnervmh13bl" duration="00:00:00.0086617" startTime="2025-12-23T21:39:03.4249870+00:00" endTime="2025-12-23T21:39:03.4249871+00:00" testType="13cdc9d9-ddb5-4fa4-a97d-d965ccfc6d4b" outcome="Passed" testListId="8c84fa94-04c1-424b-9868-57a2d4851a1d" relativeResultsDirectory="f5ed2c30-1ae3-42c3-81bb-d36e3f0eb4ef" />
    <UnitTestResult executionId="8935e33b-2029-48e7-bb7b-07cda4b66164" testId="9cdb5e4d-5ac0-e846-b79f-148de136d0b8" testName="Mystira.App.PWA.Tests.Components.ToastContainerTests.ToastContainer_DisposesCorrectly" computerName="runnervmh13bl" duration="00:00:00.9608950" startTime="2025-12-23T21:39:03.8965809+00:00" endTime="2025-12-23T21:39:03.8965810+00:00" testType="13cdc9d9-ddb5-4fa4-a97d-d965ccfc6d4b" outcome="Passed" testListId="8c84fa94-04c1-424b-9868-57a2d4851a1d" relativeResultsDirectory="8935e33b-2029-48e7-bb7b-07cda4b66164" />
    <UnitTestResult executionId="fd5bd701-24f1-466a-8e14-bd8a283b476c" testId="ff4ae4c6-a963-8af0-7a3e-17ff0740da53" testName="Mystira.App.PWA.Tests.Services.ScenarioApiClientTests.GetScenarioAsync_ShouldDeserializeMusicPaletteAndSceneMusic" computerName="runnervmh13bl" duration="00:00:00.5563566" startTime="2025-12-23T21:39:03.2156206+00:00" endTime="2025-12-23T21:39:03.2156208+00:00" testType="13cdc9d9-ddb5-4fa4-a97d-d965ccfc6d4b" outcome="Passed" testListId="8c84fa94-04c1-424b-9868-57a2d4851a1d" relativeResultsDirectory="fd5bd701-24f1-466a-8e14-bd8a283b476c" />
    <UnitTestResult executionId="502c375a-d1a1-42d0-9bec-9bc135993785" testId="4cdcf06f-eaa2-a8d2-29c1-a15f615e5ba3" testName="Mystira.App.PWA.Tests.Components.LoadingIndicatorTests.LoadingIndicator_WithVariousSkeletonCounts_RendersCorrectly(count: 1)" computerName="runnervmh13bl" duration="00:00:00.0018599" startTime="2025-12-23T21:39:03.8959379+00:00" endTime="2025-12-23T21:39:03.8959381+00:00" testType="13cdc9d9-ddb5-4fa4-a97d-d965ccfc6d4b" outcome="Passed" testListId="8c84fa94-04c1-424b-9868-57a2d4851a1d" relativeResultsDirectory="502c375a-d1a1-42d0-9bec-9bc135993785" />
    <UnitTestResult executionId="7d50c64a-6c2e-4d6f-b748-0fa1e46fc920" testId="b7e1ae8a-9d88-75ae-bccf-fe1ad7cd3890" testName="Mystira.App.PWA.Tests.Services.Music.SceneAudioOrchestratorTests.EnterSceneAsync_ShouldForcePlay_WhenCurrentTrackIdIsNull" computerName="runnervmh13bl" duration="00:00:00.0117509" startTime="2025-12-23T21:39:03.0340026+00:00" endTime="2025-12-23T21:39:03.0340027+00:00" testType="13cdc9d9-ddb5-4fa4-a97d-d965ccfc6d4b" outcome="Passed" testListId="8c84fa94-04c1-424b-9868-57a2d4851a1d" relativeResultsDirectory="7d50c64a-6c2e-4d6f-b748-0fa1e46fc920" />
    <UnitTestResult executionId="2adf1261-6951-48e4-90a9-bd7edb6be76f" testId="aaee19da-ddfb-08a0-3a55-58fee85e838b" testName="Mystira.App.PWA.Tests.Services.ApiConnectionHelperTests.GetConnectionErrorMessage_InDevelopmentWithLocalhost_ReturnsHelpfulMessage" computerName="runnervmh13bl" duration="00:00:00.0000738" startTime="2025-12-23T21:39:03.5713402+00:00" endTime="2025-12-23T21:39:03.5713403+00:00" testType="13cdc9d9-ddb5-4fa4-a97d-d965ccfc6d4b" outcome="Passed" testListId="8c84fa94-04c1-424b-9868-57a2d4851a1d" relativeResultsDirectory="2adf1261-6951-48e4-90a9-bd7edb6be76f" />
    <UnitTestResult executionId="64508239-3ba3-4c31-83ac-795abedcfdaf" testId="6867dc0f-66bc-f565-a757-ee2fd24fe635" testName="Mystira.App.PWA.Tests.Services.AchievementsFilteringTests.Apply_WhenShowOnlyInProgress_RemovesEarnedTiersAndEmptyAxes" computerName="runnervmh13bl" duration="00:00:00.0045621" startTime="2025-12-23T21:39:03.1909324+00:00" endTime="2025-12-23T21:39:03.1909326+00:00" testType="13cdc9d9-ddb5-4fa4-a97d-d965ccfc6d4b" outcome="Passed" testListId="8c84fa94-04c1-424b-9868-57a2d4851a1d" relativeResultsDirectory="64508239-3ba3-4c31-83ac-795abedcfdaf" />
    <UnitTestResult executionId="1800babd-8a3f-4d21-8f72-125f543f549a" testId="3d834dd2-41b5-3f46-3852-8a2a7ad81345" testName="Mystira.App.PWA.Tests.Services.ApiConnectionHelperTests.IsConnectionRefused_WithConnectionRefusedMessage_ReturnsTrue" computerName="runnervmh13bl" duration="00:00:00.0000682" startTime="2025-12-23T21:39:03.5744498+00:00" endTime="2025-12-23T21:39:03.5744498+00:00" testType="13cdc9d9-ddb5-4fa4-a97d-d965ccfc6d4b" outcome="Passed" testListId="8c84fa94-04c1-424b-9868-57a2d4851a1d" relativeResultsDirectory="1800babd-8a3f-4d21-8f72-125f543f549a" />
[...]
    <TestEntry testId="a30db57b-74ca-311c-edd0-2f42ec8267bb" executionId="260e7806-b86c-44c3-8f5d-0f7eda32e76a" testListId="8c84fa94-04c1-424b-9868-57a2d4851a1d" />
    <TestEntry testId="9ba33a7a-207f-8c03-50c6-e8fc1d377865" executionId="0801a2d8-992e-4872-bf82-8915204121a0" testListId="8c84fa94-04c1-424b-9868-57a2d4851a1d" />
    <TestEntry testId="5afb22f8-64d7-fe2e-3cb0-af937387f361" executionId="702142ed-7a79-4bc2-9f44-26c6905e3f94" testListId="8c84fa94-04c1-424b-9868-57a2d4851a1d" />
    <TestEntry testId="5ba1be7c-94b2-ba02-3921-efd916291e42" executionId="270a4652-7905-4532-8cba-0ef6e5906ce8" testListId="8c84fa94-04c1-424b-9868-57a2d4851a1d" />
    <TestEntry testId="dc52eb8e-5251-2d6e-7ce6-3962051ab432" executionId="99d9700b-36dc-4761-a522-a5562275c5a3" testListId="8c84fa94-04c1-424b-9868-57a2d4851a1d" />
    <TestEntry testId="b9a7327f-4a9d-c2e0-c80d-41b804adc64e" executionId="8787962b-ba25-40d8-87ae-5544f9e873ec" testListId="8c84fa94-04c1-424b-9868-57a2d4851a1d" />
    <TestEntry testId="8eccdf82-1dd5-0271-1097-2c622d25877c" executionId="f4048bda-782b-4ba0-8437-d5cbf52889b0" testListId="8c84fa94-04c1-424b-9868-57a2d4851a1d" />
    <TestEntry testId="0869dbf3-3643-60a3-20b4-5e9ca163e308" executionId="e8c82f22-f88e-4f7e-935c-4f55fb127488" testListId="8c84fa94-04c1-424b-9868-57a2d4851a1d" />
    <TestEntry testId="72bb4a74-aeb9-b480-b4d6-daf7dd67aee1" executionId="2dd4c02e-08da-4ad8-bec6-d699a421158d" testListId="8c84fa94-04c1-424b-9868-57a2d4851a1d" />
    <TestEntry testId="bc40f49e-24d2-24fd-c409-fa04082e2dfb" executionId="d1274b77-1d32-41db-bd56-20f15c10edf1" testListId="8c84fa94-04c1-424b-9868-57a2d4851a1d" />
    <TestEntry testId="15696d24-edd9-f065-3225-5b968ba3435b" executionId="35b91156-20e2-48d8-85aa-f6e306c1c207" testListId="8c84fa94-04c1-424b-9868-57a2d4851a1d" />
    <TestEntry testId="1bc553da-7672-b0c0-0800-48e646406524" executionId="3e92779a-bc6c-4b28-8df5-71ee492b7bc5" testListId="8c84fa94-04c1-424b-9868-57a2d4851a1d" />
    <TestEntry testId="e54f7bd7-f0a9-9046-8e74-974599a94f90" executionId="6a3ab7db-ae2d-4282-89a6-a76e4095257d" testListId="8c84fa94-04c1-424b-9868-57a2d4851a1d" />
    <TestEntry testId="9596d012-c0f7-8a5e-e812-5152edd3bb53" executionId="70f30398-4003-4b3d-94c8-38fdcf19c6ae" testListId="8c84fa94-04c1-424b-9868-57a2d4851a1d" />
    <TestEntry testId="c78adcda-0ac5-c60a-fcce-43c3cce350fe" executionId="14a1445e-63f2-4df0-9fe9-9a7a3ae39201" testListId="8c84fa94-04c1-424b-9868-57a2d4851a1d" />
    <TestEntry testId="65d2e859-9319-d10d-905a-ee2e058cec54" executionId="2cfddc33-8443-41fb-b2a9-eaf74dd11f58" testListId="8c84fa94-04c1-424b-9868-57a2d4851a1d" />
    <TestEntry testId="d781c81c-505d-7946-4c37-b9d96959e0a8" executionId="3b426c6b-45e2-45a0-8bc4-835688237d85" testListId="8c84fa94-04c1-424b-9868-57a2d4851a1d" />
    <TestEntry testId="e9a65630-a338-4526-d6a6-8c6db5fae96e" executionId="1520eece-99f0-45d5-ab8a-9a44d0e7c92d" testListId="8c84fa94-04c1-424b-9868-57a2d4851a1d" />
    <TestEntry testId="03bf7871-b1bc-7874-ca49-141064255cf4" executionId="2f3b3e62-c2a7-4938-925e-f23b1a7fb6b2" testListId="8c84fa94-04c1-424b-9868-57a2d4851a1d" />
    <TestEntry testId="180d4769-7589-5d7e-821e-98e7c8c1a8f2" executionId="046407b4-95c5-4174-83c5-16e07e68cc0b" testListId="8c84fa94-04c1-424b-9868-57a2d4851a1d" />
    <TestEntry testId="7ad791cd-a147-385d-211f-5de223be0ac9" executionId="87ee98d3-db2d-472e-afff-59d9eec2f473" testListId="8c84fa94-04c1-424b-9868-57a2d4851a1d" />
    <TestEntry testId="50d9833d-2cdd-c196-3b8b-3da129b0efb4" executionId="21755fb9-c470-47b2-a659-1211505ac79c" testListId="8c84fa94-04c1-424b-9868-57a2d4851a1d" />
    <TestEntry testId="64d1f85b-197b-6d46-14a7-3e0163499916" executionId="dcda2ca5-105f-441f-8516-262c7957dcc8" testListId="8c84fa94-04c1-424b-9868-57a2d4851a1d" />
    <TestEntry testId="87b54a58-c72f-287a-02a1-49f9415bb394" executionId="b456891e-3c0e-4abf-a9e1-db6b564955e8" testListId="8c84fa94-04c1-424b-9868-57a2d4851a1d" />
    <TestEntry testId="663b1526-0760-8cfc-7651-13634297c479" executionId="e53fc5de-8907-4ca2-8a50-96873c3fe7c2" testListId="8c84fa94-04c1-424b-9868-57a2d4851a1d" />
    <TestEntry testId="269611c3-c4f6-9979-e39b-f267ac7e869b" executionId="6b906252-f189-4566-83ef-308dfdc7341d" testListId="8c84fa94-04c1-424b-9868-57a2d4851a1d" />
    <TestEntry testId="2bbac154-8f3f-9952-27db-6186775600a1" executionId="4cf8322f-5040-4ade-ac7a-280e0b8cfb58" testListId="8c84fa94-04c1-424b-9868-57a2d4851a1d" />
    <TestEntry testId="7334ca56-84ab-22db-834b-c1ec207c0ea7" executionId="a4b3572d-cf33-4052-b902-0783c79bcad6" testListId="8c84fa94-04c1-424b-9868-57a2d4851a1d" />
    <TestEntry testId="570c6650-84c9-8a9c-4439-1dc5f6f96b5d" executionId="2b810c6b-300f-4f0c-8192-995315343979" testListId="8c84fa94-04c1-424b-9868-57a2d4851a1d" />
    <TestEntry testId="ab55e42a-c70a-a1e2-f41e-30de3ac682ca" executionId="d7f24391-ead8-43b9-ac9e-7a7a8a6240be" testListId="8c84fa94-04c1-424b-9868-57a2d4851a1d" />
    <TestEntry testId="4498ddc0-408f-aa56-5166-22643ffe84e5" executionId="23c6d315-8be6-4d4d-ac4d-27b01c6d9646" testListId="8c84fa94-04c1-424b-9868-57a2d4851a1d" />
    <TestEntry testId="7e35f297-f707-0fa6-0fb4-1198e0b29ca7" executionId="06c8768f-b0d1-4d39-97d3-6dc3325423f4" testListId="8c84fa94-04c1-424b-9868-57a2d4851a1d" />
    <TestEntry testId="a0f02b8f-fd97-5d0e-856a-49e16805fb7e" executionId="cc89af11-d4b8-4f48-bb30-adcc3e138eba" testListId="8c84fa94-04c1-424b-9868-57a2d4851a1d" />
    <TestEntry testId="950ac531-91ca-9873-293c-12518a7d727d" executionId="e7ae5a7b-7133-417c-a7a7-bb4751054104" testListId="8c84fa94-04c1-424b-9868-57a2d4851a1d" />
    <TestEntry testId="38e592ca-58e1-6e17-bdd9-71d834c9c515" executionId="4158e1ad-1e7d-4d0b-a0bb-688f50ffc100" testListId="8c84fa94-04c1-424b-9868-57a2d4851a1d" />
    <TestEntry testId="d2be5936-3083-bc07-4343-4f9514632c7d" executionId="ee16145f-2259-4ff6-8d41-fb1ce032275e" testListId="8c84fa94-04c1-424b-9868-57a2d4851a1d" />
    <TestEntry testId="dbdbfd83-4d4a-9bce-a7b4-1a3f2abe05f5" executionId="db8a3dc0-950e-4d2a-ab01-85d670922681" testListId="8c84fa94-04c1-424b-9868-57a2d4851a1d" />
    <TestEntry testId="4b59c40b-5be9-440f-bfff-d7c136af1a31" executionId="cbbe4086-9bd5-43bf-a724-adc12d6bbe9d" testListId="8c84fa94-04c1-424b-9868-57a2d4851a1d" />
    <TestEntry testId="e63e3c21-c6d1-f190-16d9-ef059859d019" executionId="3b8b34a3-4bd6-42d7-98fc-e7adc31f0848" testListId="8c84fa94-04c1-424b-9868-57a2d4851a1d" />
    <TestEntry testId="5552959e-515e-b65c-d062-baefe44110bb" executionId="cc3aa9a7-2a14-4e5a-bc74-543fb0579d39" testListId="8c84fa94-04c1-424b-9868-57a2d4851a1d" />
    <TestEntry testId="e0a2b085-861c-b9f4-f7a5-6368b8c6ec69" executionId="4f7a3ae9-fe09-4ca9-a327-dedd2c38b67a" testListId="8c84fa94-04c1-424b-9868-57a2d4851a1d" />
    <TestEntry testId="3557b5ee-fc22-7f7f-4c0b-6a79e62fa1d2" executionId="f8f7c211-8a5b-4540-bb98-8623cfbc2dff" testListId="8c84fa94-04c1-424b-9868-57a2d4851a1d" />
    <TestEntry testId="ffc31afb-2699-3f8f-fd3d-9606183c7c53" executionId="325a8dcb-d7fb-4fbd-8e2e-9f36e6bf7621" testListId="8c84fa94-04c1-424b-9868-57a2d4851a1d" />
    <TestEntry testId="5f7b2a4e-4e06-0d98-4be5-2e59eee0bd56" executionId="818eb24e-7bf5-48e7-9621-e9dc574bab52" testListId="8c84fa94-04c1-424b-9868-57a2d4851a1d" />
    <TestEntry testId="55005281-6419-7acb-5bf8-78a656bb4e82" executionId="305a6c2c-72dd-406f-96bd-14d3c36519c7" testListId="8c84fa94-04c1-424b-9868-57a2d4851a1d" />
    <TestEntry testId="afbab20f-24c3-9879-4953-25aac38d8fd5" executionId="68fd7f79-0c95-4ebc-b371-ec232153ec71" testListId="8c84fa94-04c1-424b-9868-57a2d4851a1d" />
    <TestEntry testId="fb6a5b4f-b9be-6f98-8150-c8f338be8832" executionId="0fb116dd-482f-497f-b9ca-fbae59521ea9" testListId="8c84fa94-04c1-424b-9868-57a2d4851a1d" />
    <TestEntry testId="7236ed3d-0180-c68d-13c9-409bfdd7f3c2" executionId="38bcbdae-38d4-4302-b88b-6acd39234d8c" testListId="8c84fa94-04c1-424b-9868-57a2d4851a1d" />
    <TestEntry testId="507b2cca-b929-a2f7-970e-b16295accdc1" executionId="48dba628-c219-4cad-8325-caf50454b9d8" testListId="8c84fa94-04c1-424b-9868-57a2d4851a1d" />
    <TestEntry testId="67277c5e-fd6c-17ed-4752-94b6ad754b5b" executionId="905012bb-87c5-4b44-bb9b-8dd195977333" testListId="8c84fa94-04c1-424b-9868-57a2d4851a1d" />
    <TestEntry testId="6526cf5e-ed88-40af-b9af-b33dec234df3" executionId="a255421d-bd6e-4546-9338-317869a17d18" testListId="8c84fa94-04c1-424b-9868-57a2d4851a1d" />
    <TestEntry testId="eedd4d61-1c98-8f25-b77d-e179a9565030" executionId="39b4a388-4cc7-4cab-b80a-a9390551b9ea" testListId="8c84fa94-04c1-424b-9868-57a2d4851a1d" />
    <TestEntry testId="fbad8318-1d18-dffc-b6d2-f7c3df944852" executionId="51f3fe11-5117-42eb-9274-8880426103f7" testListId="8c84fa94-04c1-424b-9868-57a2d4851a1d" />
    <TestEntry testId="a4a2eb37-e9e6-f9cd-4d65-58bc34ca3975" executionId="bc43d045-3891-4600-b536-40103302495d" testListId="8c84fa94-04c1-424b-9868-57a2d4851a1d" />
    <TestEntry testId="49818c32-268b-43fd-122a-d19c847e29bd" executionId="c9315739-2b40-480f-a3fe-9d165df1875b" testListId="8c84fa94-04c1-424b-9868-57a2d4851a1d" />
    <TestEntry testId="b0f1aae0-6bae-b7d8-f760-b8dd62cf7a2c" executionId="18f7d3ca-aad0-470f-b139-9d9bea380871" testListId="8c84fa94-04c1-424b-9868-57a2d4851a1d" />
    <TestEntry testId="48a6400f-ac83-1b8d-82bb-3ddb7451db81" executionId="c7e3410f-473b-4577-a742-fed87e812aa7" testListId="8c84fa94-04c1-424b-9868-57a2d4851a1d" />
    <TestEntry testId="b4fd215d-fefe-851d-21e3-57f1e5f8856b" executionId="645ae2f0-1845-4d86-9203-1a9e3dce5eb5" testListId="8c84fa94-04c1-424b-9868-57a2d4851a1d" />
    <TestEntry testId="5861f4b7-d29e-837e-9f73-c82100f9f26b" executionId="72a4fb2e-e9f8-413c-bbbc-fd1f0f4fe35b" testListId="8c84fa94-04c1-424b-9868-57a2d4851a1d" />
    <TestEntry testId="231adf1e-c0ed-b777-fa05-4aac947af15f" executionId="b36dad99-9283-4c80-9b09-05d9383323e6" testListId="8c84fa94-04c1-424b-9868-57a2d4851a1d" />
    <TestEntry testId="85331945-9869-11d4-2fcd-db4a6c9ea7bc" executionId="2b19866a-6218-4209-aeb3-bf85546408e7" testListId="8c84fa94-04c1-424b-9868-57a2d4851a1d" />
    <TestEntry testId="219e8235-a282-dfe6-e44c-5a40e5f7602c" executionId="57bd22df-3077-41b9-8128-b9ee65ddae0c" testListId="8c84fa94-04c1-424b-9868-57a2d4851a1d" />
    <TestEntry testId="cd3598a0-26be-6a93-606b-27ce8d62ed33" executionId="6fc9f0d7-496e-497a-88ef-c3972415f00e" testListId="8c84fa94-04c1-424b-9868-57a2d4851a1d" />
    <TestEntry testId="b364be6a-f816-c89f-c82a-f62e97e77258" executionId="abbfbc9e-e3dc-4cdb-ae46-7a474244fee5" testListId="8c84fa94-04c1-424b-9868-57a2d4851a1d" />
    <TestEntry testId="8d14ed9a-75bc-fb3a-b232-7ee546fff4f4" executionId="b6b0c979-4539-4afc-aa32-c7d54ffdfbb7" testListId="8c84fa94-04c1-424b-9868-57a2d4851a1d" />
    <TestEntry testId="5aba4b7d-cf02-ad02-cff7-2b54f3ab1755" executionId="134b7c4e-f55d-4e73-b550-b201213d5f80" testListId="8c84fa94-04c1-424b-9868-57a2d4851a1d" />
    <TestEntry testId="bfecbddb-0fae-6b0f-ff83-1562e35df716" executionId="d6cbeb90-a890-4529-a416-746fd4a79426" testListId="8c84fa94-04c1-424b-9868-57a2d4851a1d" />
    <TestEntry testId="ad1d5d82-8d2d-04fc-22ce-c75b21c1b571" executionId="eb41b55c-500c-4133-8f15-34a70ddb3e05" testListId="8c84fa94-04c1-424b-9868-57a2d4851a1d" />
    <TestEntry testId="25dbb77b-122d-f78a-b6e1-a8463e80df15" executionId="4fe948b9-7c04-4df4-a9bd-e5b8ba7791f7" testListId="8c84fa94-04c1-424b-9868-57a2d4851a1d" />
    <TestEntry testId="a49d4774-067b-292d-0649-cf0d4bfd3a58" executionId="fc2b0540-220c-46a2-9e4d-fa4fa420ada6" testListId="8c84fa94-04c1-424b-9868-57a2d4851a1d" />
    <TestEntry testId="e07f7817-64e5-2118-a8dc-936f430c457f" executionId="09f95731-5338-4b2d-aeb0-53073b883c90" testListId="8c84fa94-04c1-424b-9868-57a2d4851a1d" />
    <TestEntry testId="28490e99-7b25-4cec-3bd5-57748e8a6edb" executionId="25c212a8-e5ea-4622-a16a-434ee45ae582" testListId="8c84fa94-04c1-424b-9868-57a2d4851a1d" />
    <TestEntry testId="155dbeb0-49b2-2daa-45ce-257a07251c94" executionId="026a97f3-818e-4902-ba80-98f23f4a63fd" testListId="8c84fa94-04c1-424b-9868-57a2d4851a1d" />
    <TestEntry testId="4ddb3731-7c4a-2fe6-5b54-7968ea1936e0" executionId="79ab8a74-15a9-44ed-a6cb-7b8139b8f3e2" testListId="8c84fa94-04c1-424b-9868-57a2d4851a1d" />
    <TestEntry testId="15d90d0b-25be-e208-9511-0cd5216380e5" executionId="884deb3c-8898-460f-af83-fafb3bdb2d97" testListId="8c84fa94-04c1-424b-9868-57a2d4851a1d" />
    <TestEntry testId="d1351d73-476b-d703-4f9f-965744e663ef" executionId="452b653e-d27e-443a-a159-6f86468e31d9" testListId="8c84fa94-04c1-424b-9868-57a2d4851a1d" />
    <TestEntry testId="8c4d120c-e1f1-d8fe-f6c0-25a2abff7629" executionId="b929d9e6-ad64-4b42-bcfb-a1d440266152" testListId="8c84fa94-04c1-424b-9868-57a2d4851a1d" />
    <TestEntry testId="af0b8e8c-b8be-81df-e453-6897421dcab3" executionId="e9632ade-6815-4dce-9b31-76dd00cfb6a2" testListId="8c84fa94-04c1-424b-9868-57a2d4851a1d" />
    <TestEntry testId="4eced13e-ec55-94a3-7416-1d35cba16206" executionId="c60b764a-ea0b-4725-831c-6e510db80683" testListId="8c84fa94-04c1-424b-9868-57a2d4851a1d" />
    <TestEntry testId="f43298d7-1aa6-f310-0ad7-23212a4fb836" executionId="ac12db31-c099-479b-a705-cb9a4f2d4074" testListId="8c84fa94-04c1-424b-9868-57a2d4851a1d" />
    <TestEntry testId="c433d3e2-a194-8258-edde-178c4174bb3d" executionId="83b3b898-d6bf-45e0-8422-7241cb078423" testListId="8c84fa94-04c1-424b-9868-57a2d4851a1d" />
    <TestEntry testId="ec71e9d5-0a70-a42b-e76a-8fabe1002629" executionId="dea9804a-6f96-472a-92be-da3d6a1b1f7b" testListId="8c84fa94-04c1-424b-9868-57a2d4851a1d" />
    <TestEntry testId="b8045ad8-ee89-f4e2-6736-969a12bde992" executionId="446ec6c0-53bf-4f7e-a821-f28f8112f630" testListId="8c84fa94-04c1-424b-9868-57a2d4851a1d" />
    <TestEntry testId="5bd89bdf-5271-466b-042f-9e624fb7733c" executionId="762de576-5884-4b21-a82b-f703dbce4e69" testListId="8c84fa94-04c1-424b-9868-57a2d4851a1d" />
    <TestEntry testId="128536ee-2d69-49f4-3c64-f85aad98e2dc" executionId="f43d388f-ef69-40ce-903b-308592463c4f" testListId="8c84fa94-04c1-424b-9868-57a2d4851a1d" />
    <TestEntry testId="44b1ffe2-744a-543a-b7c5-9bea3d6c08e9" executionId="08db15e3-821f-4b8e-8147-cf91c3c0387e" testListId="8c84fa94-04c1-424b-9868-57a2d4851a1d" />
    <TestEntry testId="610722a7-e4eb-79dd-9d2e-977b781cc02e" executionId="39b4601f-004a-47af-ab21-caa3cc0c7a52" testListId="8c84fa94-04c1-424b-9868-57a2d4851a1d" />
    <TestEntry testId="7b2925aa-3fe0-8c55-43cb-fa53293d5317" executionId="408135c2-c96c-4ccb-b71f-6e919fab52c6" testListId="8c84fa94-04c1-424b-9868-57a2d4851a1d" />
    <TestEntry testId="3c406dbc-6ed8-992d-c57c-fa962b6c9814" executionId="23958f9e-f23d-44d9-b9ea-ebb4341608ce" testListId="8c84fa94-04c1-424b-9868-57a2d4851a1d" />
    <TestEntry testId="118e5c9e-7d4e-b262-4702-c48481793195" executionId="d2274435-3c5b-4341-8437-f601aabc9c2b" testListId="8c84fa94-04c1-424b-9868-57a2d4851a1d" />
    <TestEntry testId="1de315db-3044-c5a8-e6f1-ea53263f59be" executionId="f29ef021-744e-46c4-bfab-1542e52458a0" testListId="8c84fa94-04c1-424b-9868-57a2d4851a1d" />
    <TestEntry testId="80cc22d0-aae8-4898-8b7b-991b63b78066" executionId="72e840bf-f5ba-4746-8fb1-429621ad5745" testListId="8c84fa94-04c1-424b-9868-57a2d4851a1d" />
    <TestEntry testId="e1ec6fff-4d79-0cc7-36af-62b8188fcc35" executionId="672f46c0-1082-410b-88df-25d310ce6bc9" testListId="8c84fa94-04c1-424b-9868-57a2d4851a1d" />
    <TestEntry testId="16366a7a-52e0-3750-aa54-93381fee4210" executionId="d5f72c6e-2f9b-4ffc-804a-3d925cc0e7cf" testListId="8c84fa94-04c1-424b-9868-57a2d4851a1d" />
    <TestEntry testId="8dbff86a-d281-bd9f-3b77-5bce266a6336" executionId="6fb66e67-712b-42f4-9f5b-be2968acd701" testListId="8c84fa94-04c1-424b-9868-57a2d4851a1d" />
    <TestEntry testId="7e3188d2-1cfe-0ecf-ff43-d0c2fec3a5cf" executionId="f5ed2c30-1ae3-42c3-81bb-d36e3f0eb4ef" testListId="8c84fa94-04c1-424b-9868-57a2d4851a1d" />
    <TestEntry testId="9cdb5e4d-5ac0-e846-b79f-148de136d0b8" executionId="8935e33b-2029-48e7-bb7b-07cda4b66164" testListId="8c84fa94-04c1-424b-9868-57a2d4851a1d" />
    <TestEntry testId="ff4ae4c6-a963-8af0-7a3e-17ff0740da53" executionId="fd5bd701-24f1-466a-8e14-bd8a283b476c" testListId="8c84fa94-04c1-424b-9868-57a2d4851a1d" />
    <TestEntry testId="4cdcf06f-eaa2-a8d2-29c1-a15f615e5ba3" executionId="502c375a-d1a1-42d0-9bec-9bc135993785" testListId="8c84fa94-04c1-424b-9868-57a2d4851a1d" />
    <TestEntry testId="b7e1ae8a-9d88-75ae-bccf-fe1ad7cd3890" executionId="7d50c64a-6c2e-4d6f-b748-0fa1e46fc920" testListId="8c84fa94-04c1-424b-9868-57a2d4851a1d" />
    <TestEntry testId="aaee19da-ddfb-08a0-3a55-58fee85e838b" executionId="2adf1261-6951-48e4-90a9-bd7edb6be76f" testListId="8c84fa94-04c1-424b-9868-57a2d4851a1d" />
    <TestEntry testId="6867dc0f-66bc-f565-a757-ee2fd24fe635" executionId="64508239-3ba3-4c31-83ac-795abedcfdaf" testListId="8c84fa94-04c1-424b-9868-57a2d4851a1d" />
    <TestEntry testId="3d834dd2-41b5-3f46-3852-8a2a7ad81345" executionId="1800babd-8a3f-4d21-8f72-125f543f549a" testListId="8c84fa94-04c1-424b-9868-57a2d4851a1d" />
    <TestEntry testId="173bb871-506a-e194-67c1-e3a9661aead6" executionId="25c249f1-af27-4667-bb96-24f268a124e5" testListId="8c84fa94-04c1-424b-9868-57a2d4851a1d" />
    <TestEntry testId="e78217f4-a103-7011-fd24-93253b21980f" executionId="2b3040f3-cd44-44c7-a974-082bf73766b1" testListId="8c84fa94-04c1-424b-9868-57a2d4851a1d" />
    <TestEntry testId="d3b21078-07c5-6c65-5d55-4fc4aecdbe41" executionId="36402759-29da-4130-85f9-67f5d2921237" testListId="8c84fa94-04c1-424b-9868-57a2d4851a1d" />
    <TestEntry testId="dfad2ce1-44e3-8a0f-33af-ebab6da374f1" executionId="c5302047-aa05-4edb-bc47-185734fb0722" testListId="8c84fa94-04c1-424b-9868-57a2d4851a1d" />
    <TestEntry testId="d7de9575-fd2c-e99e-a6ff-1bfcd53183b6" executionId="40c762e3-f206-4c98-bf8e-5ffc0319569d" testListId="8c84fa94-04c1-424b-9868-57a2d4851a1d" />
    <TestEntry testId="610a15d4-e525-5a9f-64dc-b3e477f388a3" executionId="4b1f2015-91e7-4ee0-b820-7ce280469d4e" testListId="8c84fa94-04c1-424b-9868-57a2d4851a1d" />
    <TestEntry testId="ae64a0d6-69a9-aa0d-cf2c-caa3e1cc66b7" executionId="48a0602a-7e5b-4433-892e-3cbbea520f2b" testListId="8c84fa94-04c1-424b-9868-57a2d4851a1d" />
    <TestEntry testId="3cee2575-6a35-c0e1-4e16-dec96cb7320b" executionId="c06ea0fd-f309-4d8e-a7a4-a68bd37df916" testListId="8c84fa94-04c1-424b-9868-57a2d4851a1d" />
    <TestEntry testId="b6f51d93-9d62-ef3c-f4fe-5c56ff850c8c" executionId="90293750-f146-4713-a423-77b0fc2b1bc8" testListId="8c84fa94-04c1-424b-9868-57a2d4851a1d" />
    <TestEntry testId="9f8dec45-5b34-6c1c-0a81-63c7fb3d90dd" executionId="db1a14d0-8bca-445a-84bf-2567889d1203" testListId="8c84fa94-04c1-424b-9868-57a2d4851a1d" />
  </TestEntries>
  <TestLists>
    <TestList name="Results Not in a List" id="8c84fa94-04c1-424b-9868-57a2d4851a1d" />
    <TestList name="All Loaded Results" id="19431567-8539-422a-85d7-44ee4e166bda" />
  </TestLists>
  <ResultSummary outcome="Completed">
    <Counters total="148" executed="148" passed="148" failed="0" error="0" timeout="0" aborted="0" inconclusive="0" passedButRunAborted="0" notRunnable="0" notExecuted="0" disconnected="0" warning="0" completed="0" inProgress="0" pending="0" />
    <Output>
      <StdOut>[xUnit.net 00:00:00.00] xUnit.net VSTest Adapter v2.8.2+699d445a1a (64-bit .NET 9.0.11)
[xUnit.net 00:00:00.21]   Discovering: Mystira.App.PWA.Tests
[xUnit.net 00:00:00.39]   Discovered:  Mystira.App.PWA.Tests
[xUnit.net 00:00:00.41]   Starting:    Mystira.App.PWA.Tests
[xUnit.net 00:00:01.77]   Finished:    Mystira.App.PWA.Tests
</StdOut>
    </Output>
    <CollectorDataEntries>
      <Collector agentName="runnervmh13bl" uri="datacollector://microsoft/CoverletCodeCoverage/1.0" collectorDisplayName="XPlat code coverage">
        <UriAttachments>
          <UriAttachment>
            <A href="runnervmh13bl/coverage.cobertura.xml"></A>
          </UriAttachment>
        </UriAttachments>
      </Collector>
    </CollectorDataEntries>
  </ResultSummary>
</TestRun>